-------------------------------------------------------------------------------
Test set: com.example.common.StringUtilsTest
-------------------------------------------------------------------------------
Tests run: 5, Failures: 0, Errors: 4, Skipped: 0, Time elapsed: 0.354 s <<< FAILURE! - in com.example.common.StringUtilsTest
com.example.common.StringUtilsTest.testSplitAndTrim  Time elapsed: 0.098 s  <<< ERROR!
java.lang.StackOverflowError
	at com.example.common.StringUtils.isEmpty(StringUtils.java:17)
	at com.example.common.StringUtils.isEmpty(StringUtils.java:17)
	at com.example.common.StringUtils.isEmpty(StringUtils.java:17)
	at com.example.common.StringUtils.isEmpty(StringUtils.java:17)
	at com.example.common.StringUtils.isEmpty(StringUtils.java:17)
	at com.example.common.StringUtils.isEmpty(StringUtils.java:17)
	at com.example.common.StringUtils.isEmpty(StringUtils.java:17)
	at com.example.common.StringUtils.isEmpty(StringUtils.java:17)
	at com.example.common.StringUtils.isEmpty(StringUtils.java:17)
	at com.example.common.StringUtils.isEmpty(StringUtils.java:17)
	at com.example.common.StringUtils.isEmpty(StringUtils.java:17)
	at com.example.common.StringUtils.isEmpty(StringUtils.java:17)
	at com.example.common.StringUtils.isEmpty(StringUtils.java:17)
	at com.example.common.StringUtils.isEmpty(StringUtils.java:17)
	at com.example.common.StringUtils.isEmpty(StringUtils.java:17)
	at com.example.common.StringUtils.isEmpty(StringUtils.java:17)
	at com.example.common.StringUtils.isEmpty(StringUtils.java:17)
	at com.example.common.StringUtils.isEmpty(StringUtils.java:17)
	at com.example.common.StringUtils.isEmpty(StringUtils.java:17)
	at com.example.common.StringUtils.isEmpty(StringUtils.java:17)
	at com.example.common.StringUtils.isEmpty(StringUtils.java:17)
	at com.example.common.StringUtils.isEmpty(StringUtils.java:17)
	at com.example.common.StringUtils.isEmpty(StringUtils.java:17)
	at com.example.common.StringUtils.isEmpty(StringUtils.java:17)
	at com.example.common.StringUtils.isEmpty(StringUtils.java:17)
	at com.example.common.StringUtils.isEmpty(StringUtils.java:17)
	at com.example.common.StringUtils.isEmpty(StringUtils.java:17)
	at com.example.common.StringUtils.isEmpty(StringUtils.java:17)
	at com.example.common.StringUtils.isEmpty(StringUtils.java:17)
	at com.example.common.StringUtils.isEmpty(StringUtils.java:17)
	at com.example.common.StringUtils.isEmpty(StringUtils.java:17)
	at com.example.common.StringUtils.isEmpty(StringUtils.java:17)
	at com.example.common.StringUtils.isEmpty(StringUtils.java:17)
	at com.example.common.StringUtils.isEmpty(StringUtils.java:17)
	at com.example.common.StringUtils.isEmpty(StringUtils.java:17)
	at com.example.common.StringUtils.isEmpty(StringUtils.java:17)
	at com.example.common.StringUtils.isEmpty(StringUtils.java:17)
	at com.example.common.StringUtils.isEmpty(StringUtils.java:17)
	at com.example.common.StringUtils.isEmpty(StringUtils.java:17)
	at com.example.common.StringUtils.isEmpty(StringUtils.java:17)
	at com.example.common.StringUtils.isEmpty(StringUtils.java:17)
	at com.example.common.StringUtils.isEmpty(StringUtils.java:17)
	at com.example.common.StringUtils.isEmpty(StringUtils.java:17)
	at com.example.common.StringUtils.isEmpty(StringUtils.java:17)
	at com.example.common.StringUtils.isEmpty(StringUtils.java:17)
	at com.example.common.StringUtils.isEmpty(StringUtils.java:17)
	at com.example.common.StringUtils.isEmpty(StringUtils.java:17)
	at com.example.common.StringUtils.isEmpty(StringUtils.java:17)
	at com.example.common.StringUtils.isEmpty(StringUtils.java:17)
	at com.example.common.StringUtils.isEmpty(StringUtils.java:17)
	at com.example.common.StringUtils.isEmpty(StringUtils.java:17)
	at com.example.common.StringUtils.isEmpty(StringUtils.java:17)
	at com.example.common.StringUtils.isEmpty(StringUtils.java:17)
	at com.example.common.StringUtils.isEmpty(StringUtils.java:17)
	at com.example.common.StringUtils.isEmpty(StringUtils.java:17)
	at com.example.common.StringUtils.isEmpty(StringUtils.java:17)
	at com.example.common.StringUtils.isEmpty(StringUtils.java:17)
	at com.example.common.StringUtils.isEmpty(StringUtils.java:17)
	at com.example.common.StringUtils.isEmpty(StringUtils.java:17)
	at com.example.common.StringUtils.isEmpty(StringUtils.java:17)
	at com.example.common.StringUtils.isEmpty(StringUtils.java:17)
	at com.example.common.StringUtils.isEmpty(StringUtils.java:17)
	at com.example.common.StringUtils.isEmpty(StringUtils.java:17)
	at com.example.common.StringUtils.isEmpty(StringUtils.java:17)
	at com.example.common.StringUtils.isEmpty(StringUtils.java:17)
	at com.example.common.StringUtils.isEmpty(StringUtils.java:17)
	at com.example.common.StringUtils.isEmpty(StringUtils.java:17)
	at com.example.common.StringUtils.isEmpty(StringUtils.java:17)
	at com.example.common.StringUtils.isEmpty(StringUtils.java:17)
	at com.example.common.StringUtils.isEmpty(StringUtils.java:17)
	at com.example.common.StringUtils.isEmpty(StringUtils.java:17)
	at com.example.common.StringUtils.isEmpty(StringUtils.java:17)
	at com.example.common.StringUtils.isEmpty(StringUtils.java:17)
	at com.example.common.StringUtils.isEmpty(StringUtils.java:17)
	at com.example.common.StringUtils.isEmpty(StringUtils.java:17)
	at com.example.common.StringUtils.isEmpty(StringUtils.java:17)
	at com.example.common.StringUtils.isEmpty(StringUtils.java:17)
	at com.example.common.StringUtils.isEmpty(StringUtils.java:17)
	at com.example.common.StringUtils.isEmpty(StringUtils.java:17)
	at com.example.common.StringUtils.isEmpty(StringUtils.java:17)
	at com.example.common.StringUtils.isEmpty(StringUtils.java:17)
	at com.example.common.StringUtils.isEmpty(StringUtils.java:17)
	at com.example.common.StringUtils.isEmpty(StringUtils.java:17)
	at com.example.common.StringUtils.isEmpty(StringUtils.java:17)
	at com.example.common.StringUtils.isEmpty(StringUtils.java:17)
	at com.example.common.StringUtils.isEmpty(StringUtils.java:17)
	at com.example.common.StringUtils.isEmpty(StringUtils.java:17)
	at com.example.common.StringUtils.isEmpty(StringUtils.java:17)
	at com.example.common.StringUtils.isEmpty(StringUtils.java:17)
	at com.example.common.StringUtils.isEmpty(StringUtils.java:17)
	at com.example.common.StringUtils.isEmpty(StringUtils.java:17)
	at com.example.common.StringUtils.isEmpty(StringUtils.java:17)
	at com.example.common.StringUtils.isEmpty(StringUtils.java:17)
	at com.example.common.StringUtils.isEmpty(StringUtils.java:17)
	at com.example.common.StringUtils.isEmpty(StringUtils.java:17)
	at com.example.common.StringUtils.isEmpty(StringUtils.java:17)
	at com.example.common.StringUtils.isEmpty(StringUtils.java:17)
	at com.example.common.StringUtils.isEmpty(StringUtils.java:17)
	at com.example.common.StringUtils.isEmpty(StringUtils.java:17)
	at com.example.common.StringUtils.isEmpty(StringUtils.java:17)
	at com.example.common.StringUtils.isEmpty(StringUtils.java:17)
	at com.example.common.StringUtils.isEmpty(StringUtils.java:17)
	at com.example.common.StringUtils.isEmpty(StringUtils.java:17)
	at com.example.common.StringUtils.isEmpty(StringUtils.java:17)
	at com.example.common.StringUtils.isEmpty(StringUtils.java:17)
	at com.example.common.StringUtils.isEmpty(StringUtils.java:17)
	at com.example.common.StringUtils.isEmpty(StringUtils.java:17)
	at com.example.common.StringUtils.isEmpty(StringUtils.java:17)
	at com.example.common.StringUtils.isEmpty(StringUtils.java:17)
	at com.example.common.StringUtils.isEmpty(StringUtils.java:17)
	at com.example.common.StringUtils.isEmpty(StringUtils.java:17)
	at com.example.common.StringUtils.isEmpty(StringUtils.java:17)
	at com.example.common.StringUtils.isEmpty(StringUtils.java:17)
	at com.example.common.StringUtils.isEmpty(StringUtils.java:17)
	at com.example.common.StringUtils.isEmpty(StringUtils.java:17)
	at com.example.common.StringUtils.isEmpty(StringUtils.java:17)
	at com.example.common.StringUtils.isEmpty(StringUtils.java:17)
	at com.example.common.StringUtils.isEmpty(StringUtils.java:17)
	at com.example.common.StringUtils.isEmpty(StringUtils.java:17)
	at com.example.common.StringUtils.isEmpty(StringUtils.java:17)
	at com.example.common.StringUtils.isEmpty(StringUtils.java:17)
	at com.example.common.StringUtils.isEmpty(StringUtils.java:17)
	at com.example.common.StringUtils.isEmpty(StringUtils.java:17)
	at com.example.common.StringUtils.isEmpty(StringUtils.java:17)
	at com.example.common.StringUtils.isEmpty(StringUtils.java:17)
	at com.example.common.StringUtils.isEmpty(StringUtils.java:17)
	at com.example.common.StringUtils.isEmpty(StringUtils.java:17)
	at com.example.common.StringUtils.isEmpty(StringUtils.java:17)
	at com.example.common.StringUtils.isEmpty(StringUtils.java:17)
	at com.example.common.StringUtils.isEmpty(StringUtils.java:17)
	at com.example.common.StringUtils.isEmpty(StringUtils.java:17)
	at com.example.common.StringUtils.isEmpty(StringUtils.java:17)
	at com.example.common.StringUtils.isEmpty(StringUtils.java:17)
	at com.example.common.StringUtils.isEmpty(StringUtils.java:17)
	at com.example.common.StringUtils.isEmpty(StringUtils.java:17)
	at com.example.common.StringUtils.isEmpty(StringUtils.java:17)
	at com.example.common.StringUtils.isEmpty(StringUtils.java:17)
	at com.example.common.StringUtils.isEmpty(StringUtils.java:17)
	at com.example.common.StringUtils.isEmpty(StringUtils.java:17)
	at com.example.common.StringUtils.isEmpty(StringUtils.java:17)
	at com.example.common.StringUtils.isEmpty(StringUtils.java:17)
	at com.example.common.StringUtils.isEmpty(StringUtils.java:17)
	at com.example.common.StringUtils.isEmpty(StringUtils.java:17)
	at com.example.common.StringUtils.isEmpty(StringUtils.java:17)
	at com.example.common.StringUtils.isEmpty(StringUtils.java:17)
	at com.example.common.StringUtils.isEmpty(StringUtils.java:17)
	at com.example.common.StringUtils.isEmpty(StringUtils.java:17)
	at com.example.common.StringUtils.isEmpty(StringUtils.java:17)
	at com.example.common.StringUtils.isEmpty(StringUtils.java:17)
	at com.example.common.StringUtils.isEmpty(StringUtils.java:17)
	at com.example.common.StringUtils.isEmpty(StringUtils.java:17)
	at com.example.common.StringUtils.isEmpty(StringUtils.java:17)
	at com.example.common.StringUtils.isEmpty(StringUtils.java:17)
	at com.example.common.StringUtils.isEmpty(StringUtils.java:17)
	at com.example.common.StringUtils.isEmpty(StringUtils.java:17)
	at com.example.common.StringUtils.isEmpty(StringUtils.java:17)
	at com.example.common.StringUtils.isEmpty(StringUtils.java:17)
	at com.example.common.StringUtils.isEmpty(StringUtils.java:17)
	at com.example.common.StringUtils.isEmpty(StringUtils.java:17)
	at com.example.common.StringUtils.isEmpty(StringUtils.java:17)
	at com.example.common.StringUtils.isEmpty(StringUtils.java:17)
	at com.example.common.StringUtils.isEmpty(StringUtils.java:17)
	at com.example.common.StringUtils.isEmpty(StringUtils.java:17)
	at com.example.common.StringUtils.isEmpty(StringUtils.java:17)
	at com.example.common.StringUtils.isEmpty(StringUtils.java:17)
	at com.example.common.StringUtils.isEmpty(StringUtils.java:17)
	at com.example.common.StringUtils.isEmpty(StringUtils.java:17)
	at com.example.common.StringUtils.isEmpty(StringUtils.java:17)
	at com.example.common.StringUtils.isEmpty(StringUtils.java:17)
	at com.example.common.StringUtils.isEmpty(StringUtils.java:17)
	at com.example.common.StringUtils.isEmpty(StringUtils.java:17)
	at com.example.common.StringUtils.isEmpty(StringUtils.java:17)
	at com.example.common.StringUtils.isEmpty(StringUtils.java:17)
	at com.example.common.StringUtils.isEmpty(StringUtils.java:17)
	at com.example.common.StringUtils.isEmpty(StringUtils.java:17)
	at com.example.common.StringUtils.isEmpty(StringUtils.java:17)
	at com.example.common.StringUtils.isEmpty(StringUtils.java:17)
	at com.example.common.StringUtils.isEmpty(StringUtils.java:17)
	at com.example.common.StringUtils.isEmpty(StringUtils.java:17)
	at com.example.common.StringUtils.isEmpty(StringUtils.java:17)
	at com.example.common.StringUtils.isEmpty(StringUtils.java:17)
	at com.example.common.StringUtils.isEmpty(StringUtils.java:17)
	at com.example.common.StringUtils.isEmpty(StringUtils.java:17)
	at com.example.common.StringUtils.isEmpty(StringUtils.java:17)
	at com.example.common.StringUtils.isEmpty(StringUtils.java:17)
	at com.example.common.StringUtils.isEmpty(StringUtils.java:17)
	at com.example.common.StringUtils.isEmpty(StringUtils.java:17)
	at com.example.common.StringUtils.isEmpty(StringUtils.java:17)
	at com.example.common.StringUtils.isEmpty(StringUtils.java:17)
	at com.example.common.StringUtils.isEmpty(StringUtils.java:17)
	at com.example.common.StringUtils.isEmpty(StringUtils.java:17)
	at com.example.common.StringUtils.isEmpty(StringUtils.java:17)
	at com.example.common.StringUtils.isEmpty(StringUtils.java:17)
	at com.example.common.StringUtils.isEmpty(StringUtils.java:17)
	at com.example.common.StringUtils.isEmpty(StringUtils.java:17)
	at com.example.common.StringUtils.isEmpty(StringUtils.java:17)
	at com.example.common.StringUtils.isEmpty(StringUtils.java:17)
	at com.example.common.StringUtils.isEmpty(StringUtils.java:17)
	at com.example.common.StringUtils.isEmpty(StringUtils.java:17)
	at com.example.common.StringUtils.isEmpty(StringUtils.java:17)
	at com.example.common.StringUtils.isEmpty(StringUtils.java:17)
	at com.example.common.StringUtils.isEmpty(StringUtils.java:17)
	at com.example.common.StringUtils.isEmpty(StringUtils.java:17)
	at com.example.common.StringUtils.isEmpty(StringUtils.java:17)
	at com.example.common.StringUtils.isEmpty(StringUtils.java:17)
	at com.example.common.StringUtils.isEmpty(StringUtils.java:17)
	at com.example.common.StringUtils.isEmpty(StringUtils.java:17)
	at com.example.common.StringUtils.isEmpty(StringUtils.java:17)
	at com.example.common.StringUtils.isEmpty(StringUtils.java:17)
	at com.example.common.StringUtils.isEmpty(StringUtils.java:17)
	at com.example.common.StringUtils.isEmpty(StringUtils.java:17)
	at com.example.common.StringUtils.isEmpty(StringUtils.java:17)
	at com.example.common.StringUtils.isEmpty(StringUtils.java:17)
	at com.example.common.StringUtils.isEmpty(StringUtils.java:17)
	at com.example.common.StringUtils.isEmpty(StringUtils.java:17)
	at com.example.common.StringUtils.isEmpty(StringUtils.java:17)
	at com.example.common.StringUtils.isEmpty(StringUtils.java:17)
	at com.example.common.StringUtils.isEmpty(StringUtils.java:17)
	at com.example.common.StringUtils.isEmpty(StringUtils.java:17)
	at com.example.common.StringUtils.isEmpty(StringUtils.java:17)
	at com.example.common.StringUtils.isEmpty(StringUtils.java:17)
	at com.example.common.StringUtils.isEmpty(StringUtils.java:17)
	at com.example.common.StringUtils.isEmpty(StringUtils.java:17)
	at com.example.common.StringUtils.isEmpty(StringUtils.java:17)
	at com.example.common.StringUtils.isEmpty(StringUtils.java:17)
	at com.example.common.StringUtils.isEmpty(StringUtils.java:17)
	at com.example.common.StringUtils.isEmpty(StringUtils.java:17)
	at com.example.common.StringUtils.isEmpty(StringUtils.java:17)
	at com.example.common.StringUtils.isEmpty(StringUtils.java:17)
	at com.example.common.StringUtils.isEmpty(StringUtils.java:17)
	at com.example.common.StringUtils.isEmpty(StringUtils.java:17)
	at com.example.common.StringUtils.isEmpty(StringUtils.java:17)
	at com.example.common.StringUtils.isEmpty(StringUtils.java:17)
	at com.example.common.StringUtils.isEmpty(StringUtils.java:17)
	at com.example.common.StringUtils.isEmpty(StringUtils.java:17)
	at com.example.common.StringUtils.isEmpty(StringUtils.java:17)
	at com.example.common.StringUtils.isEmpty(StringUtils.java:17)
	at com.example.common.StringUtils.isEmpty(StringUtils.java:17)
	at com.example.common.StringUtils.isEmpty(StringUtils.java:17)
	at com.example.common.StringUtils.isEmpty(StringUtils.java:17)
	at com.example.common.StringUtils.isEmpty(StringUtils.java:17)
	at com.example.common.StringUtils.isEmpty(StringUtils.java:17)
	at com.example.common.StringUtils.isEmpty(StringUtils.java:17)
	at com.example.common.StringUtils.isEmpty(StringUtils.java:17)
	at com.example.common.StringUtils.isEmpty(StringUtils.java:17)
	at com.example.common.StringUtils.isEmpty(StringUtils.java:17)
	at com.example.common.StringUtils.isEmpty(StringUtils.java:17)
	at com.example.common.StringUtils.isEmpty(StringUtils.java:17)
	at com.example.common.StringUtils.isEmpty(StringUtils.java:17)
	at com.example.common.StringUtils.isEmpty(StringUtils.java:17)
	at com.example.common.StringUtils.isEmpty(StringUtils.java:17)
	at com.example.common.StringUtils.isEmpty(StringUtils.java:17)
	at com.example.common.StringUtils.isEmpty(StringUtils.java:17)
	at com.example.common.StringUtils.isEmpty(StringUtils.java:17)
	at com.example.common.StringUtils.isEmpty(StringUtils.java:17)
	at com.example.common.StringUtils.isEmpty(StringUtils.java:17)
	at com.example.common.StringUtils.isEmpty(StringUtils.java:17)
	at com.example.common.StringUtils.isEmpty(StringUtils.java:17)
	at com.example.common.StringUtils.isEmpty(StringUtils.java:17)
	at com.example.common.StringUtils.isEmpty(StringUtils.java:17)
	at com.example.common.StringUtils.isEmpty(StringUtils.java:17)
	at com.example.common.StringUtils.isEmpty(StringUtils.java:17)
	at com.example.common.StringUtils.isEmpty(StringUtils.java:17)
	at com.example.common.StringUtils.isEmpty(StringUtils.java:17)
	at com.example.common.StringUtils.isEmpty(StringUtils.java:17)
	at com.example.common.StringUtils.isEmpty(StringUtils.java:17)
	at com.example.common.StringUtils.isEmpty(StringUtils.java:17)
	at com.example.common.StringUtils.isEmpty(StringUtils.java:17)
	at com.example.common.StringUtils.isEmpty(StringUtils.java:17)
	at com.example.common.StringUtils.isEmpty(StringUtils.java:17)
	at com.example.common.StringUtils.isEmpty(StringUtils.java:17)
	at com.example.common.StringUtils.isEmpty(StringUtils.java:17)
	at com.example.common.StringUtils.isEmpty(StringUtils.java:17)
	at com.example.common.StringUtils.isEmpty(StringUtils.java:17)
	at com.example.common.StringUtils.isEmpty(StringUtils.java:17)
	at com.example.common.StringUtils.isEmpty(StringUtils.java:17)
	at com.example.common.StringUtils.isEmpty(StringUtils.java:17)
	at com.example.common.StringUtils.isEmpty(StringUtils.java:17)
	at com.example.common.StringUtils.isEmpty(StringUtils.java:17)
	at com.example.common.StringUtils.isEmpty(StringUtils.java:17)
	at com.example.common.StringUtils.isEmpty(StringUtils.java:17)
	at com.example.common.StringUtils.isEmpty(StringUtils.java:17)
	at com.example.common.StringUtils.isEmpty(StringUtils.java:17)
	at com.example.common.StringUtils.isEmpty(StringUtils.java:17)
	at com.example.common.StringUtils.isEmpty(StringUtils.java:17)
	at com.example.common.StringUtils.isEmpty(StringUtils.java:17)
	at com.example.common.StringUtils.isEmpty(StringUtils.java:17)
	at com.example.common.StringUtils.isEmpty(StringUtils.java:17)
	at com.example.common.StringUtils.isEmpty(StringUtils.java:17)
	at com.example.common.StringUtils.isEmpty(StringUtils.java:17)
	at com.example.common.StringUtils.isEmpty(StringUtils.java:17)
	at com.example.common.StringUtils.isEmpty(StringUtils.java:17)
	at com.example.common.StringUtils.isEmpty(StringUtils.java:17)
	at com.example.common.StringUtils.isEmpty(StringUtils.java:17)
	at com.example.common.StringUtils.isEmpty(StringUtils.java:17)
	at com.example.common.StringUtils.isEmpty(StringUtils.java:17)
	at com.example.common.StringUtils.isEmpty(StringUtils.java:17)
	at com.example.common.StringUtils.isEmpty(StringUtils.java:17)
	at com.example.common.StringUtils.isEmpty(StringUtils.java:17)
	at com.example.common.StringUtils.isEmpty(StringUtils.java:17)
	at com.example.common.StringUtils.isEmpty(StringUtils.java:17)
	at com.example.common.StringUtils.isEmpty(StringUtils.java:17)
	at com.example.common.StringUtils.isEmpty(StringUtils.java:17)
	at com.example.common.StringUtils.isEmpty(StringUtils.java:17)
	at com.example.common.StringUtils.isEmpty(StringUtils.java:17)
	at com.example.common.StringUtils.isEmpty(StringUtils.java:17)
	at com.example.common.StringUtils.isEmpty(StringUtils.java:17)
	at com.example.common.StringUtils.isEmpty(StringUtils.java:17)
	at com.example.common.StringUtils.isEmpty(StringUtils.java:17)
	at com.example.common.StringUtils.isEmpty(StringUtils.java:17)
	at com.example.common.StringUtils.isEmpty(StringUtils.java:17)
	at com.example.common.StringUtils.isEmpty(StringUtils.java:17)
	at com.example.common.StringUtils.isEmpty(StringUtils.java:17)
	at com.example.common.StringUtils.isEmpty(StringUtils.java:17)
	at com.example.common.StringUtils.isEmpty(StringUtils.java:17)
	at com.example.common.StringUtils.isEmpty(StringUtils.java:17)
	at com.example.common.StringUtils.isEmpty(StringUtils.java:17)
	at com.example.common.StringUtils.isEmpty(StringUtils.java:17)
	at com.example.common.StringUtils.isEmpty(StringUtils.java:17)
	at com.example.common.StringUtils.isEmpty(StringUtils.java:17)
	at com.example.common.StringUtils.isEmpty(StringUtils.java:17)
	at com.example.common.StringUtils.isEmpty(StringUtils.java:17)
	at com.example.common.StringUtils.isEmpty(StringUtils.java:17)
	at com.example.common.StringUtils.isEmpty(StringUtils.java:17)
	at com.example.common.StringUtils.isEmpty(StringUtils.java:17)
	at com.example.common.StringUtils.isEmpty(StringUtils.java:17)
	at com.example.common.StringUtils.isEmpty(StringUtils.java:17)
	at com.example.common.StringUtils.isEmpty(StringUtils.java:17)
	at com.example.common.StringUtils.isEmpty(StringUtils.java:17)
	at com.example.common.StringUtils.isEmpty(StringUtils.java:17)
	at com.example.common.StringUtils.isEmpty(StringUtils.java:17)
	at com.example.common.StringUtils.isEmpty(StringUtils.java:17)
	at com.example.common.StringUtils.isEmpty(StringUtils.java:17)
	at com.example.common.StringUtils.isEmpty(StringUtils.java:17)
	at com.example.common.StringUtils.isEmpty(StringUtils.java:17)
	at com.example.common.StringUtils.isEmpty(StringUtils.java:17)
	at com.example.common.StringUtils.isEmpty(StringUtils.java:17)
	at com.example.common.StringUtils.isEmpty(StringUtils.java:17)
	at com.example.common.StringUtils.isEmpty(StringUtils.java:17)
	at com.example.common.StringUtils.isEmpty(StringUtils.java:17)
	at com.example.common.StringUtils.isEmpty(StringUtils.java:17)
	at com.example.common.StringUtils.isEmpty(StringUtils.java:17)
	at com.example.common.StringUtils.isEmpty(StringUtils.java:17)
	at com.example.common.StringUtils.isEmpty(StringUtils.java:17)
	at com.example.common.StringUtils.isEmpty(StringUtils.java:17)
	at com.example.common.StringUtils.isEmpty(StringUtils.java:17)
	at com.example.common.StringUtils.isEmpty(StringUtils.java:17)
	at com.example.common.StringUtils.isEmpty(StringUtils.java:17)
	at com.example.common.StringUtils.isEmpty(StringUtils.java:17)
	at com.example.common.StringUtils.isEmpty(StringUtils.java:17)
	at com.example.common.StringUtils.isEmpty(StringUtils.java:17)
	at com.example.common.StringUtils.isEmpty(StringUtils.java:17)
	at com.example.common.StringUtils.isEmpty(StringUtils.java:17)
	at com.example.common.StringUtils.isEmpty(StringUtils.java:17)
	at com.example.common.StringUtils.isEmpty(StringUtils.java:17)
	at com.example.common.StringUtils.isEmpty(StringUtils.java:17)
	at com.example.common.StringUtils.isEmpty(StringUtils.java:17)
	at com.example.common.StringUtils.isEmpty(StringUtils.java:17)
	at com.example.common.StringUtils.isEmpty(StringUtils.java:17)
	at com.example.common.StringUtils.isEmpty(StringUtils.java:17)
	at com.example.common.StringUtils.isEmpty(StringUtils.java:17)
	at com.example.common.StringUtils.isEmpty(StringUtils.java:17)
	at com.example.common.StringUtils.isEmpty(StringUtils.java:17)
	at com.example.common.StringUtils.isEmpty(StringUtils.java:17)
	at com.example.common.StringUtils.isEmpty(StringUtils.java:17)
	at com.example.common.StringUtils.isEmpty(StringUtils.java:17)
	at com.example.common.StringUtils.isEmpty(StringUtils.java:17)
	at com.example.common.StringUtils.isEmpty(StringUtils.java:17)
	at com.example.common.StringUtils.isEmpty(StringUtils.java:17)
	at com.example.common.StringUtils.isEmpty(StringUtils.java:17)
	at com.example.common.StringUtils.isEmpty(StringUtils.java:17)
	at com.example.common.StringUtils.isEmpty(StringUtils.java:17)
	at com.example.common.StringUtils.isEmpty(StringUtils.java:17)
	at com.example.common.StringUtils.isEmpty(StringUtils.java:17)
	at com.example.common.StringUtils.isEmpty(StringUtils.java:17)
	at com.example.common.StringUtils.isEmpty(StringUtils.java:17)
	at com.example.common.StringUtils.isEmpty(StringUtils.java:17)
	at com.example.common.StringUtils.isEmpty(StringUtils.java:17)
	at com.example.common.StringUtils.isEmpty(StringUtils.java:17)
	at com.example.common.StringUtils.isEmpty(StringUtils.java:17)
	at com.example.common.StringUtils.isEmpty(StringUtils.java:17)
	at com.example.common.StringUtils.isEmpty(StringUtils.java:17)
	at com.example.common.StringUtils.isEmpty(StringUtils.java:17)
	at com.example.common.StringUtils.isEmpty(StringUtils.java:17)
	at com.example.common.StringUtils.isEmpty(StringUtils.java:17)
	at com.example.common.StringUtils.isEmpty(StringUtils.java:17)
	at com.example.common.StringUtils.isEmpty(StringUtils.java:17)
	at com.example.common.StringUtils.isEmpty(StringUtils.java:17)
	at com.example.common.StringUtils.isEmpty(StringUtils.java:17)
	at com.example.common.StringUtils.isEmpty(StringUtils.java:17)
	at com.example.common.StringUtils.isEmpty(StringUtils.java:17)
	at com.example.common.StringUtils.isEmpty(StringUtils.java:17)
	at com.example.common.StringUtils.isEmpty(StringUtils.java:17)
	at com.example.common.StringUtils.isEmpty(StringUtils.java:17)
	at com.example.common.StringUtils.isEmpty(StringUtils.java:17)
	at com.example.common.StringUtils.isEmpty(StringUtils.java:17)
	at com.example.common.StringUtils.isEmpty(StringUtils.java:17)
	at com.example.common.StringUtils.isEmpty(StringUtils.java:17)
	at com.example.common.StringUtils.isEmpty(StringUtils.java:17)
	at com.example.common.StringUtils.isEmpty(StringUtils.java:17)
	at com.example.common.StringUtils.isEmpty(StringUtils.java:17)
	at com.example.common.StringUtils.isEmpty(StringUtils.java:17)
	at com.example.common.StringUtils.isEmpty(StringUtils.java:17)
	at com.example.common.StringUtils.isEmpty(StringUtils.java:17)
	at com.example.common.StringUtils.isEmpty(StringUtils.java:17)
	at com.example.common.StringUtils.isEmpty(StringUtils.java:17)
	at com.example.common.StringUtils.isEmpty(StringUtils.java:17)
	at com.example.common.StringUtils.isEmpty(StringUtils.java:17)
	at com.example.common.StringUtils.isEmpty(StringUtils.java:17)
	at com.example.common.StringUtils.isEmpty(StringUtils.java:17)
	at com.example.common.StringUtils.isEmpty(StringUtils.java:17)
	at com.example.common.StringUtils.isEmpty(StringUtils.java:17)
	at com.example.common.StringUtils.isEmpty(StringUtils.java:17)
	at com.example.common.StringUtils.isEmpty(StringUtils.java:17)
	at com.example.common.StringUtils.isEmpty(StringUtils.java:17)
	at com.example.common.StringUtils.isEmpty(StringUtils.java:17)
	at com.example.common.StringUtils.isEmpty(StringUtils.java:17)
	at com.example.common.StringUtils.isEmpty(StringUtils.java:17)
	at com.example.common.StringUtils.isEmpty(StringUtils.java:17)
	at com.example.common.StringUtils.isEmpty(StringUtils.java:17)
	at com.example.common.StringUtils.isEmpty(StringUtils.java:17)
	at com.example.common.StringUtils.isEmpty(StringUtils.java:17)
	at com.example.common.StringUtils.isEmpty(StringUtils.java:17)
	at com.example.common.StringUtils.isEmpty(StringUtils.java:17)
	at com.example.common.StringUtils.isEmpty(StringUtils.java:17)
	at com.example.common.StringUtils.isEmpty(StringUtils.java:17)
	at com.example.common.StringUtils.isEmpty(StringUtils.java:17)
	at com.example.common.StringUtils.isEmpty(StringUtils.java:17)
	at com.example.common.StringUtils.isEmpty(StringUtils.java:17)
	at com.example.common.StringUtils.isEmpty(StringUtils.java:17)
	at com.example.common.StringUtils.isEmpty(StringUtils.java:17)
	at com.example.common.StringUtils.isEmpty(StringUtils.java:17)
	at com.example.common.StringUtils.isEmpty(StringUtils.java:17)
	at com.example.common.StringUtils.isEmpty(StringUtils.java:17)
	at com.example.common.StringUtils.isEmpty(StringUtils.java:17)
	at com.example.common.StringUtils.isEmpty(StringUtils.java:17)
	at com.example.common.StringUtils.isEmpty(StringUtils.java:17)
	at com.example.common.StringUtils.isEmpty(StringUtils.java:17)
	at com.example.common.StringUtils.isEmpty(StringUtils.java:17)
	at com.example.common.StringUtils.isEmpty(StringUtils.java:17)
	at com.example.common.StringUtils.isEmpty(StringUtils.java:17)
	at com.example.common.StringUtils.isEmpty(StringUtils.java:17)
	at com.example.common.StringUtils.isEmpty(StringUtils.java:17)
	at com.example.common.StringUtils.isEmpty(StringUtils.java:17)
	at com.example.common.StringUtils.isEmpty(StringUtils.java:17)
	at com.example.common.StringUtils.isEmpty(StringUtils.java:17)
	at com.example.common.StringUtils.isEmpty(StringUtils.java:17)
	at com.example.common.StringUtils.isEmpty(StringUtils.java:17)
	at com.example.common.StringUtils.isEmpty(StringUtils.java:17)
	at com.example.common.StringUtils.isEmpty(StringUtils.java:17)
	at com.example.common.StringUtils.isEmpty(StringUtils.java:17)
	at com.example.common.StringUtils.isEmpty(StringUtils.java:17)
	at com.example.common.StringUtils.isEmpty(StringUtils.java:17)
	at com.example.common.StringUtils.isEmpty(StringUtils.java:17)
	at com.example.common.StringUtils.isEmpty(StringUtils.java:17)
	at com.example.common.StringUtils.isEmpty(StringUtils.java:17)
	at com.example.common.StringUtils.isEmpty(StringUtils.java:17)
	at com.example.common.StringUtils.isEmpty(StringUtils.java:17)
	at com.example.common.StringUtils.isEmpty(StringUtils.java:17)
	at com.example.common.StringUtils.isEmpty(StringUtils.java:17)
	at com.example.common.StringUtils.isEmpty(StringUtils.java:17)
	at com.example.common.StringUtils.isEmpty(StringUtils.java:17)
	at com.example.common.StringUtils.isEmpty(StringUtils.java:17)
	at com.example.common.StringUtils.isEmpty(StringUtils.java:17)
	at com.example.common.StringUtils.isEmpty(StringUtils.java:17)
	at com.example.common.StringUtils.isEmpty(StringUtils.java:17)
	at com.example.common.StringUtils.isEmpty(StringUtils.java:17)
	at com.example.common.StringUtils.isEmpty(StringUtils.java:17)
	at com.example.common.StringUtils.isEmpty(StringUtils.java:17)
	at com.example.common.StringUtils.isEmpty(StringUtils.java:17)
	at com.example.common.StringUtils.isEmpty(StringUtils.java:17)
	at com.example.common.StringUtils.isEmpty(StringUtils.java:17)
	at com.example.common.StringUtils.isEmpty(StringUtils.java:17)
	at com.example.common.StringUtils.isEmpty(StringUtils.java:17)
	at com.example.common.StringUtils.isEmpty(StringUtils.java:17)
	at com.example.common.StringUtils.isEmpty(StringUtils.java:17)
	at com.example.common.StringUtils.isEmpty(StringUtils.java:17)
	at com.example.common.StringUtils.isEmpty(StringUtils.java:17)
	at com.example.common.StringUtils.isEmpty(StringUtils.java:17)
	at com.example.common.StringUtils.isEmpty(StringUtils.java:17)
	at com.example.common.StringUtils.isEmpty(StringUtils.java:17)
	at com.example.common.StringUtils.isEmpty(StringUtils.java:17)
	at com.example.common.StringUtils.isEmpty(StringUtils.java:17)
	at com.example.common.StringUtils.isEmpty(StringUtils.java:17)
	at com.example.common.StringUtils.isEmpty(StringUtils.java:17)
	at com.example.common.StringUtils.isEmpty(StringUtils.java:17)
	at com.example.common.StringUtils.isEmpty(StringUtils.java:17)
	at com.example.common.StringUtils.isEmpty(StringUtils.java:17)
	at com.example.common.StringUtils.isEmpty(StringUtils.java:17)
	at com.example.common.StringUtils.isEmpty(StringUtils.java:17)
	at com.example.common.StringUtils.isEmpty(StringUtils.java:17)
	at com.example.common.StringUtils.isEmpty(StringUtils.java:17)
	at com.example.common.StringUtils.isEmpty(StringUtils.java:17)
	at com.example.common.StringUtils.isEmpty(StringUtils.java:17)
	at com.example.common.StringUtils.isEmpty(StringUtils.java:17)
	at com.example.common.StringUtils.isEmpty(StringUtils.java:17)
	at com.example.common.StringUtils.isEmpty(StringUtils.java:17)
	at com.example.common.StringUtils.isEmpty(StringUtils.java:17)
	at com.example.common.StringUtils.isEmpty(StringUtils.java:17)
	at com.example.common.StringUtils.isEmpty(StringUtils.java:17)
	at com.example.common.StringUtils.isEmpty(StringUtils.java:17)
	at com.example.common.StringUtils.isEmpty(StringUtils.java:17)
	at com.example.common.StringUtils.isEmpty(StringUtils.java:17)
	at com.example.common.StringUtils.isEmpty(StringUtils.java:17)
	at com.example.common.StringUtils.isEmpty(StringUtils.java:17)
	at com.example.common.StringUtils.isEmpty(StringUtils.java:17)
	at com.example.common.StringUtils.isEmpty(StringUtils.java:17)
	at com.example.common.StringUtils.isEmpty(StringUtils.java:17)
	at com.example.common.StringUtils.isEmpty(StringUtils.java:17)
	at com.example.common.StringUtils.isEmpty(StringUtils.java:17)
	at com.example.common.StringUtils.isEmpty(StringUtils.java:17)
	at com.example.common.StringUtils.isEmpty(StringUtils.java:17)
	at com.example.common.StringUtils.isEmpty(StringUtils.java:17)
	at com.example.common.StringUtils.isEmpty(StringUtils.java:17)
	at com.example.common.StringUtils.isEmpty(StringUtils.java:17)
	at com.example.common.StringUtils.isEmpty(StringUtils.java:17)
	at com.example.common.StringUtils.isEmpty(StringUtils.java:17)
	at com.example.common.StringUtils.isEmpty(StringUtils.java:17)
	at com.example.common.StringUtils.isEmpty(StringUtils.java:17)
	at com.example.common.StringUtils.isEmpty(StringUtils.java:17)
	at com.example.common.StringUtils.isEmpty(StringUtils.java:17)
	at com.example.common.StringUtils.isEmpty(StringUtils.java:17)
	at com.example.common.StringUtils.isEmpty(StringUtils.java:17)
	at com.example.common.StringUtils.isEmpty(StringUtils.java:17)
	at com.example.common.StringUtils.isEmpty(StringUtils.java:17)
	at com.example.common.StringUtils.isEmpty(StringUtils.java:17)
	at com.example.common.StringUtils.isEmpty(StringUtils.java:17)
	at com.example.common.StringUtils.isEmpty(StringUtils.java:17)
	at com.example.common.StringUtils.isEmpty(StringUtils.java:17)
	at com.example.common.StringUtils.isEmpty(StringUtils.java:17)
	at com.example.common.StringUtils.isEmpty(StringUtils.java:17)
	at com.example.common.StringUtils.isEmpty(StringUtils.java:17)
	at com.example.common.StringUtils.isEmpty(StringUtils.java:17)
	at com.example.common.StringUtils.isEmpty(StringUtils.java:17)
	at com.example.common.StringUtils.isEmpty(StringUtils.java:17)
	at com.example.common.StringUtils.isEmpty(StringUtils.java:17)
	at com.example.common.StringUtils.isEmpty(StringUtils.java:17)
	at com.example.common.StringUtils.isEmpty(StringUtils.java:17)
	at com.example.common.StringUtils.isEmpty(StringUtils.java:17)
	at com.example.common.StringUtils.isEmpty(StringUtils.java:17)
	at com.example.common.StringUtils.isEmpty(StringUtils.java:17)
	at com.example.common.StringUtils.isEmpty(StringUtils.java:17)
	at com.example.common.StringUtils.isEmpty(StringUtils.java:17)
	at com.example.common.StringUtils.isEmpty(StringUtils.java:17)
	at com.example.common.StringUtils.isEmpty(StringUtils.java:17)
	at com.example.common.StringUtils.isEmpty(StringUtils.java:17)
	at com.example.common.StringUtils.isEmpty(StringUtils.java:17)
	at com.example.common.StringUtils.isEmpty(StringUtils.java:17)
	at com.example.common.StringUtils.isEmpty(StringUtils.java:17)
	at com.example.common.StringUtils.isEmpty(StringUtils.java:17)
	at com.example.common.StringUtils.isEmpty(StringUtils.java:17)
	at com.example.common.StringUtils.isEmpty(StringUtils.java:17)
	at com.example.common.StringUtils.isEmpty(StringUtils.java:17)
	at com.example.common.StringUtils.isEmpty(StringUtils.java:17)
	at com.example.common.StringUtils.isEmpty(StringUtils.java:17)
	at com.example.common.StringUtils.isEmpty(StringUtils.java:17)
	at com.example.common.StringUtils.isEmpty(StringUtils.java:17)
	at com.example.common.StringUtils.isEmpty(StringUtils.java:17)
	at com.example.common.StringUtils.isEmpty(StringUtils.java:17)
	at com.example.common.StringUtils.isEmpty(StringUtils.java:17)
	at com.example.common.StringUtils.isEmpty(StringUtils.java:17)
	at com.example.common.StringUtils.isEmpty(StringUtils.java:17)
	at com.example.common.StringUtils.isEmpty(StringUtils.java:17)
	at com.example.common.StringUtils.isEmpty(StringUtils.java:17)
	at com.example.common.StringUtils.isEmpty(StringUtils.java:17)
	at com.example.common.StringUtils.isEmpty(StringUtils.java:17)
	at com.example.common.StringUtils.isEmpty(StringUtils.java:17)
	at com.example.common.StringUtils.isEmpty(StringUtils.java:17)
	at com.example.common.StringUtils.isEmpty(StringUtils.java:17)
	at com.example.common.StringUtils.isEmpty(StringUtils.java:17)
	at com.example.common.StringUtils.isEmpty(StringUtils.java:17)
	at com.example.common.StringUtils.isEmpty(StringUtils.java:17)
	at com.example.common.StringUtils.isEmpty(StringUtils.java:17)
	at com.example.common.StringUtils.isEmpty(StringUtils.java:17)
	at com.example.common.StringUtils.isEmpty(StringUtils.java:17)
	at com.example.common.StringUtils.isEmpty(StringUtils.java:17)
	at com.example.common.StringUtils.isEmpty(StringUtils.java:17)
	at com.example.common.StringUtils.isEmpty(StringUtils.java:17)
	at com.example.common.StringUtils.isEmpty(StringUtils.java:17)
	at com.example.common.StringUtils.isEmpty(StringUtils.java:17)
	at com.example.common.StringUtils.isEmpty(StringUtils.java:17)
	at com.example.common.StringUtils.isEmpty(StringUtils.java:17)
	at com.example.common.StringUtils.isEmpty(StringUtils.java:17)
	at com.example.common.StringUtils.isEmpty(StringUtils.java:17)
	at com.example.common.StringUtils.isEmpty(StringUtils.java:17)
	at com.example.common.StringUtils.isEmpty(StringUtils.java:17)
	at com.example.common.StringUtils.isEmpty(StringUtils.java:17)
	at com.example.common.StringUtils.isEmpty(StringUtils.java:17)
	at com.example.common.StringUtils.isEmpty(StringUtils.java:17)
	at com.example.common.StringUtils.isEmpty(StringUtils.java:17)
	at com.example.common.StringUtils.isEmpty(StringUtils.java:17)
	at com.example.common.StringUtils.isEmpty(StringUtils.java:17)
	at com.example.common.StringUtils.isEmpty(StringUtils.java:17)
	at com.example.common.StringUtils.isEmpty(StringUtils.java:17)
	at com.example.common.StringUtils.isEmpty(StringUtils.java:17)
	at com.example.common.StringUtils.isEmpty(StringUtils.java:17)
	at com.example.common.StringUtils.isEmpty(StringUtils.java:17)
	at com.example.common.StringUtils.isEmpty(StringUtils.java:17)
	at com.example.common.StringUtils.isEmpty(StringUtils.java:17)
	at com.example.common.StringUtils.isEmpty(StringUtils.java:17)
	at com.example.common.StringUtils.isEmpty(StringUtils.java:17)
	at com.example.common.StringUtils.isEmpty(StringUtils.java:17)
	at com.example.common.StringUtils.isEmpty(StringUtils.java:17)
	at com.example.common.StringUtils.isEmpty(StringUtils.java:17)
	at com.example.common.StringUtils.isEmpty(StringUtils.java:17)
	at com.example.common.StringUtils.isEmpty(StringUtils.java:17)
	at com.example.common.StringUtils.isEmpty(StringUtils.java:17)
	at com.example.common.StringUtils.isEmpty(StringUtils.java:17)
	at com.example.common.StringUtils.isEmpty(StringUtils.java:17)
	at com.example.common.StringUtils.isEmpty(StringUtils.java:17)
	at com.example.common.StringUtils.isEmpty(StringUtils.java:17)
	at com.example.common.StringUtils.isEmpty(StringUtils.java:17)
	at com.example.common.StringUtils.isEmpty(StringUtils.java:17)
	at com.example.common.StringUtils.isEmpty(StringUtils.java:17)
	at com.example.common.StringUtils.isEmpty(StringUtils.java:17)
	at com.example.common.StringUtils.isEmpty(StringUtils.java:17)
	at com.example.common.StringUtils.isEmpty(StringUtils.java:17)
	at com.example.common.StringUtils.isEmpty(StringUtils.java:17)
	at com.example.common.StringUtils.isEmpty(StringUtils.java:17)
	at com.example.common.StringUtils.isEmpty(StringUtils.java:17)
	at com.example.common.StringUtils.isEmpty(StringUtils.java:17)
	at com.example.common.StringUtils.isEmpty(StringUtils.java:17)
	at com.example.common.StringUtils.isEmpty(StringUtils.java:17)
	at com.example.common.StringUtils.isEmpty(StringUtils.java:17)
	at com.example.common.StringUtils.isEmpty(StringUtils.java:17)
	at com.example.common.StringUtils.isEmpty(StringUtils.java:17)
	at com.example.common.StringUtils.isEmpty(StringUtils.java:17)
	at com.example.common.StringUtils.isEmpty(StringUtils.java:17)
	at com.example.common.StringUtils.isEmpty(StringUtils.java:17)
	at com.example.common.StringUtils.isEmpty(StringUtils.java:17)
	at com.example.common.StringUtils.isEmpty(StringUtils.java:17)
	at com.example.common.StringUtils.isEmpty(StringUtils.java:17)
	at com.example.common.StringUtils.isEmpty(StringUtils.java:17)
	at com.example.common.StringUtils.isEmpty(StringUtils.java:17)
	at com.example.common.StringUtils.isEmpty(StringUtils.java:17)
	at com.example.common.StringUtils.isEmpty(StringUtils.java:17)
	at com.example.common.StringUtils.isEmpty(StringUtils.java:17)
	at com.example.common.StringUtils.isEmpty(StringUtils.java:17)
	at com.example.common.StringUtils.isEmpty(StringUtils.java:17)
	at com.example.common.StringUtils.isEmpty(StringUtils.java:17)
	at com.example.common.StringUtils.isEmpty(StringUtils.java:17)
	at com.example.common.StringUtils.isEmpty(StringUtils.java:17)
	at com.example.common.StringUtils.isEmpty(StringUtils.java:17)
	at com.example.common.StringUtils.isEmpty(StringUtils.java:17)
	at com.example.common.StringUtils.isEmpty(StringUtils.java:17)
	at com.example.common.StringUtils.isEmpty(StringUtils.java:17)
	at com.example.common.StringUtils.isEmpty(StringUtils.java:17)
	at com.example.common.StringUtils.isEmpty(StringUtils.java:17)
	at com.example.common.StringUtils.isEmpty(StringUtils.java:17)
	at com.example.common.StringUtils.isEmpty(StringUtils.java:17)
	at com.example.common.StringUtils.isEmpty(StringUtils.java:17)
	at com.example.common.StringUtils.isEmpty(StringUtils.java:17)
	at com.example.common.StringUtils.isEmpty(StringUtils.java:17)
	at com.example.common.StringUtils.isEmpty(StringUtils.java:17)
	at com.example.common.StringUtils.isEmpty(StringUtils.java:17)
	at com.example.common.StringUtils.isEmpty(StringUtils.java:17)
	at com.example.common.StringUtils.isEmpty(StringUtils.java:17)
	at com.example.common.StringUtils.isEmpty(StringUtils.java:17)
	at com.example.common.StringUtils.isEmpty(StringUtils.java:17)
	at com.example.common.StringUtils.isEmpty(StringUtils.java:17)
	at com.example.common.StringUtils.isEmpty(StringUtils.java:17)
	at com.example.common.StringUtils.isEmpty(StringUtils.java:17)
	at com.example.common.StringUtils.isEmpty(StringUtils.java:17)
	at com.example.common.StringUtils.isEmpty(StringUtils.java:17)
	at com.example.common.StringUtils.isEmpty(StringUtils.java:17)
	at com.example.common.StringUtils.isEmpty(StringUtils.java:17)
	at com.example.common.StringUtils.isEmpty(StringUtils.java:17)
	at com.example.common.StringUtils.isEmpty(StringUtils.java:17)
	at com.example.common.StringUtils.isEmpty(StringUtils.java:17)
	at com.example.common.StringUtils.isEmpty(StringUtils.java:17)
	at com.example.common.StringUtils.isEmpty(StringUtils.java:17)
	at com.example.common.StringUtils.isEmpty(StringUtils.java:17)
	at com.example.common.StringUtils.isEmpty(StringUtils.java:17)
	at com.example.common.StringUtils.isEmpty(StringUtils.java:17)
	at com.example.common.StringUtils.isEmpty(StringUtils.java:17)
	at com.example.common.StringUtils.isEmpty(StringUtils.java:17)
	at com.example.common.StringUtils.isEmpty(StringUtils.java:17)
	at com.example.common.StringUtils.isEmpty(StringUtils.java:17)
	at com.example.common.StringUtils.isEmpty(StringUtils.java:17)
	at com.example.common.StringUtils.isEmpty(StringUtils.java:17)
	at com.example.common.StringUtils.isEmpty(StringUtils.java:17)
	at com.example.common.StringUtils.isEmpty(StringUtils.java:17)
	at com.example.common.StringUtils.isEmpty(StringUtils.java:17)
	at com.example.common.StringUtils.isEmpty(StringUtils.java:17)
	at com.example.common.StringUtils.isEmpty(StringUtils.java:17)
	at com.example.common.StringUtils.isEmpty(StringUtils.java:17)
	at com.example.common.StringUtils.isEmpty(StringUtils.java:17)
	at com.example.common.StringUtils.isEmpty(StringUtils.java:17)
	at com.example.common.StringUtils.isEmpty(StringUtils.java:17)
	at com.example.common.StringUtils.isEmpty(StringUtils.java:17)
	at com.example.common.StringUtils.isEmpty(StringUtils.java:17)
	at com.example.common.StringUtils.isEmpty(StringUtils.java:17)
	at com.example.common.StringUtils.isEmpty(StringUtils.java:17)
	at com.example.common.StringUtils.isEmpty(StringUtils.java:17)
	at com.example.common.StringUtils.isEmpty(StringUtils.java:17)
	at com.example.common.StringUtils.isEmpty(StringUtils.java:17)
	at com.example.common.StringUtils.isEmpty(StringUtils.java:17)
	at com.example.common.StringUtils.isEmpty(StringUtils.java:17)
	at com.example.common.StringUtils.isEmpty(StringUtils.java:17)
	at com.example.common.StringUtils.isEmpty(StringUtils.java:17)
	at com.example.common.StringUtils.isEmpty(StringUtils.java:17)
	at com.example.common.StringUtils.isEmpty(StringUtils.java:17)
	at com.example.common.StringUtils.isEmpty(StringUtils.java:17)
	at com.example.common.StringUtils.isEmpty(StringUtils.java:17)
	at com.example.common.StringUtils.isEmpty(StringUtils.java:17)
	at com.example.common.StringUtils.isEmpty(StringUtils.java:17)
	at com.example.common.StringUtils.isEmpty(StringUtils.java:17)
	at com.example.common.StringUtils.isEmpty(StringUtils.java:17)
	at com.example.common.StringUtils.isEmpty(StringUtils.java:17)
	at com.example.common.StringUtils.isEmpty(StringUtils.java:17)
	at com.example.common.StringUtils.isEmpty(StringUtils.java:17)
	at com.example.common.StringUtils.isEmpty(StringUtils.java:17)
	at com.example.common.StringUtils.isEmpty(StringUtils.java:17)
	at com.example.common.StringUtils.isEmpty(StringUtils.java:17)
	at com.example.common.StringUtils.isEmpty(StringUtils.java:17)
	at com.example.common.StringUtils.isEmpty(StringUtils.java:17)
	at com.example.common.StringUtils.isEmpty(StringUtils.java:17)
	at com.example.common.StringUtils.isEmpty(StringUtils.java:17)
	at com.example.common.StringUtils.isEmpty(StringUtils.java:17)
	at com.example.common.StringUtils.isEmpty(StringUtils.java:17)
	at com.example.common.StringUtils.isEmpty(StringUtils.java:17)
	at com.example.common.StringUtils.isEmpty(StringUtils.java:17)
	at com.example.common.StringUtils.isEmpty(StringUtils.java:17)
	at com.example.common.StringUtils.isEmpty(StringUtils.java:17)
	at com.example.common.StringUtils.isEmpty(StringUtils.java:17)
	at com.example.common.StringUtils.isEmpty(StringUtils.java:17)
	at com.example.common.StringUtils.isEmpty(StringUtils.java:17)
	at com.example.common.StringUtils.isEmpty(StringUtils.java:17)
	at com.example.common.StringUtils.isEmpty(StringUtils.java:17)
	at com.example.common.StringUtils.isEmpty(StringUtils.java:17)
	at com.example.common.StringUtils.isEmpty(StringUtils.java:17)
	at com.example.common.StringUtils.isEmpty(StringUtils.java:17)
	at com.example.common.StringUtils.isEmpty(StringUtils.java:17)
	at com.example.common.StringUtils.isEmpty(StringUtils.java:17)
	at com.example.common.StringUtils.isEmpty(StringUtils.java:17)
	at com.example.common.StringUtils.isEmpty(StringUtils.java:17)
	at com.example.common.StringUtils.isEmpty(StringUtils.java:17)
	at com.example.common.StringUtils.isEmpty(StringUtils.java:17)
	at com.example.common.StringUtils.isEmpty(StringUtils.java:17)
	at com.example.common.StringUtils.isEmpty(StringUtils.java:17)
	at com.example.common.StringUtils.isEmpty(StringUtils.java:17)
	at com.example.common.StringUtils.isEmpty(StringUtils.java:17)
	at com.example.common.StringUtils.isEmpty(StringUtils.java:17)
	at com.example.common.StringUtils.isEmpty(StringUtils.java:17)
	at com.example.common.StringUtils.isEmpty(StringUtils.java:17)
	at com.example.common.StringUtils.isEmpty(StringUtils.java:17)
	at com.example.common.StringUtils.isEmpty(StringUtils.java:17)
	at com.example.common.StringUtils.isEmpty(StringUtils.java:17)
	at com.example.common.StringUtils.isEmpty(StringUtils.java:17)
	at com.example.common.StringUtils.isEmpty(StringUtils.java:17)
	at com.example.common.StringUtils.isEmpty(StringUtils.java:17)
	at com.example.common.StringUtils.isEmpty(StringUtils.java:17)
	at com.example.common.StringUtils.isEmpty(StringUtils.java:17)
	at com.example.common.StringUtils.isEmpty(StringUtils.java:17)
	at com.example.common.StringUtils.isEmpty(StringUtils.java:17)
	at com.example.common.StringUtils.isEmpty(StringUtils.java:17)
	at com.example.common.StringUtils.isEmpty(StringUtils.java:17)
	at com.example.common.StringUtils.isEmpty(StringUtils.java:17)
	at com.example.common.StringUtils.isEmpty(StringUtils.java:17)
	at com.example.common.StringUtils.isEmpty(StringUtils.java:17)
	at com.example.common.StringUtils.isEmpty(StringUtils.java:17)
	at com.example.common.StringUtils.isEmpty(StringUtils.java:17)
	at com.example.common.StringUtils.isEmpty(StringUtils.java:17)
	at com.example.common.StringUtils.isEmpty(StringUtils.java:17)
	at com.example.common.StringUtils.isEmpty(StringUtils.java:17)
	at com.example.common.StringUtils.isEmpty(StringUtils.java:17)
	at com.example.common.StringUtils.isEmpty(StringUtils.java:17)
	at com.example.common.StringUtils.isEmpty(StringUtils.java:17)
	at com.example.common.StringUtils.isEmpty(StringUtils.java:17)
	at com.example.common.StringUtils.isEmpty(StringUtils.java:17)
	at com.example.common.StringUtils.isEmpty(StringUtils.java:17)
	at com.example.common.StringUtils.isEmpty(StringUtils.java:17)
	at com.example.common.StringUtils.isEmpty(StringUtils.java:17)
	at com.example.common.StringUtils.isEmpty(StringUtils.java:17)
	at com.example.common.StringUtils.isEmpty(StringUtils.java:17)
	at com.example.common.StringUtils.isEmpty(StringUtils.java:17)
	at com.example.common.StringUtils.isEmpty(StringUtils.java:17)
	at com.example.common.StringUtils.isEmpty(StringUtils.java:17)
	at com.example.common.StringUtils.isEmpty(StringUtils.java:17)
	at com.example.common.StringUtils.isEmpty(StringUtils.java:17)
	at com.example.common.StringUtils.isEmpty(StringUtils.java:17)
	at com.example.common.StringUtils.isEmpty(StringUtils.java:17)
	at com.example.common.StringUtils.isEmpty(StringUtils.java:17)
	at com.example.common.StringUtils.isEmpty(StringUtils.java:17)
	at com.example.common.StringUtils.isEmpty(StringUtils.java:17)
	at com.example.common.StringUtils.isEmpty(StringUtils.java:17)
	at com.example.common.StringUtils.isEmpty(StringUtils.java:17)
	at com.example.common.StringUtils.isEmpty(StringUtils.java:17)
	at com.example.common.StringUtils.isEmpty(StringUtils.java:17)
	at com.example.common.StringUtils.isEmpty(StringUtils.java:17)
	at com.example.common.StringUtils.isEmpty(StringUtils.java:17)
	at com.example.common.StringUtils.isEmpty(StringUtils.java:17)
	at com.example.common.StringUtils.isEmpty(StringUtils.java:17)
	at com.example.common.StringUtils.isEmpty(StringUtils.java:17)
	at com.example.common.StringUtils.isEmpty(StringUtils.java:17)
	at com.example.common.StringUtils.isEmpty(StringUtils.java:17)
	at com.example.common.StringUtils.isEmpty(StringUtils.java:17)
	at com.example.common.StringUtils.isEmpty(StringUtils.java:17)
	at com.example.common.StringUtils.isEmpty(StringUtils.java:17)
	at com.example.common.StringUtils.isEmpty(StringUtils.java:17)
	at com.example.common.StringUtils.isEmpty(StringUtils.java:17)
	at com.example.common.StringUtils.isEmpty(StringUtils.java:17)
	at com.example.common.StringUtils.isEmpty(StringUtils.java:17)
	at com.example.common.StringUtils.isEmpty(StringUtils.java:17)
	at com.example.common.StringUtils.isEmpty(StringUtils.java:17)
	at com.example.common.StringUtils.isEmpty(StringUtils.java:17)
	at com.example.common.StringUtils.isEmpty(StringUtils.java:17)
	at com.example.common.StringUtils.isEmpty(StringUtils.java:17)
	at com.example.common.StringUtils.isEmpty(StringUtils.java:17)
	at com.example.common.StringUtils.isEmpty(StringUtils.java:17)
	at com.example.common.StringUtils.isEmpty(StringUtils.java:17)
	at com.example.common.StringUtils.isEmpty(StringUtils.java:17)
	at com.example.common.StringUtils.isEmpty(StringUtils.java:17)
	at com.example.common.StringUtils.isEmpty(StringUtils.java:17)
	at com.example.common.StringUtils.isEmpty(StringUtils.java:17)
	at com.example.common.StringUtils.isEmpty(StringUtils.java:17)
	at com.example.common.StringUtils.isEmpty(StringUtils.java:17)
	at com.example.common.StringUtils.isEmpty(StringUtils.java:17)
	at com.example.common.StringUtils.isEmpty(StringUtils.java:17)
	at com.example.common.StringUtils.isEmpty(StringUtils.java:17)
	at com.example.common.StringUtils.isEmpty(StringUtils.java:17)
	at com.example.common.StringUtils.isEmpty(StringUtils.java:17)
	at com.example.common.StringUtils.isEmpty(StringUtils.java:17)
	at com.example.common.StringUtils.isEmpty(StringUtils.java:17)
	at com.example.common.StringUtils.isEmpty(StringUtils.java:17)
	at com.example.common.StringUtils.isEmpty(StringUtils.java:17)
	at com.example.common.StringUtils.isEmpty(StringUtils.java:17)
	at com.example.common.StringUtils.isEmpty(StringUtils.java:17)
	at com.example.common.StringUtils.isEmpty(StringUtils.java:17)
	at com.example.common.StringUtils.isEmpty(StringUtils.java:17)
	at com.example.common.StringUtils.isEmpty(StringUtils.java:17)
	at com.example.common.StringUtils.isEmpty(StringUtils.java:17)
	at com.example.common.StringUtils.isEmpty(StringUtils.java:17)
	at com.example.common.StringUtils.isEmpty(StringUtils.java:17)
	at com.example.common.StringUtils.isEmpty(StringUtils.java:17)
	at com.example.common.StringUtils.isEmpty(StringUtils.java:17)
	at com.example.common.StringUtils.isEmpty(StringUtils.java:17)
	at com.example.common.StringUtils.isEmpty(StringUtils.java:17)
	at com.example.common.StringUtils.isEmpty(StringUtils.java:17)
	at com.example.common.StringUtils.isEmpty(StringUtils.java:17)
	at com.example.common.StringUtils.isEmpty(StringUtils.java:17)
	at com.example.common.StringUtils.isEmpty(StringUtils.java:17)
	at com.example.common.StringUtils.isEmpty(StringUtils.java:17)
	at com.example.common.StringUtils.isEmpty(StringUtils.java:17)
	at com.example.common.StringUtils.isEmpty(StringUtils.java:17)
	at com.example.common.StringUtils.isEmpty(StringUtils.java:17)
	at com.example.common.StringUtils.isEmpty(StringUtils.java:17)
	at com.example.common.StringUtils.isEmpty(StringUtils.java:17)
	at com.example.common.StringUtils.isEmpty(StringUtils.java:17)
	at com.example.common.StringUtils.isEmpty(StringUtils.java:17)
	at com.example.common.StringUtils.isEmpty(StringUtils.java:17)
	at com.example.common.StringUtils.isEmpty(StringUtils.java:17)
	at com.example.common.StringUtils.isEmpty(StringUtils.java:17)
	at com.example.common.StringUtils.isEmpty(StringUtils.java:17)
	at com.example.common.StringUtils.isEmpty(StringUtils.java:17)
	at com.example.common.StringUtils.isEmpty(StringUtils.java:17)
	at com.example.common.StringUtils.isEmpty(StringUtils.java:17)
	at com.example.common.StringUtils.isEmpty(StringUtils.java:17)
	at com.example.common.StringUtils.isEmpty(StringUtils.java:17)
	at com.example.common.StringUtils.isEmpty(StringUtils.java:17)
	at com.example.common.StringUtils.isEmpty(StringUtils.java:17)
	at com.example.common.StringUtils.isEmpty(StringUtils.java:17)
	at com.example.common.StringUtils.isEmpty(StringUtils.java:17)
	at com.example.common.StringUtils.isEmpty(StringUtils.java:17)
	at com.example.common.StringUtils.isEmpty(StringUtils.java:17)
	at com.example.common.StringUtils.isEmpty(StringUtils.java:17)
	at com.example.common.StringUtils.isEmpty(StringUtils.java:17)
	at com.example.common.StringUtils.isEmpty(StringUtils.java:17)
	at com.example.common.StringUtils.isEmpty(StringUtils.java:17)
	at com.example.common.StringUtils.isEmpty(StringUtils.java:17)
	at com.example.common.StringUtils.isEmpty(StringUtils.java:17)
	at com.example.common.StringUtils.isEmpty(StringUtils.java:17)
	at com.example.common.StringUtils.isEmpty(StringUtils.java:17)
	at com.example.common.StringUtils.isEmpty(StringUtils.java:17)
	at com.example.common.StringUtils.isEmpty(StringUtils.java:17)
	at com.example.common.StringUtils.isEmpty(StringUtils.java:17)
	at com.example.common.StringUtils.isEmpty(StringUtils.java:17)
	at com.example.common.StringUtils.isEmpty(StringUtils.java:17)
	at com.example.common.StringUtils.isEmpty(StringUtils.java:17)
	at com.example.common.StringUtils.isEmpty(StringUtils.java:17)
	at com.example.common.StringUtils.isEmpty(StringUtils.java:17)
	at com.example.common.StringUtils.isEmpty(StringUtils.java:17)
	at com.example.common.StringUtils.isEmpty(StringUtils.java:17)
	at com.example.common.StringUtils.isEmpty(StringUtils.java:17)
	at com.example.common.StringUtils.isEmpty(StringUtils.java:17)
	at com.example.common.StringUtils.isEmpty(StringUtils.java:17)
	at com.example.common.StringUtils.isEmpty(StringUtils.java:17)
	at com.example.common.StringUtils.isEmpty(StringUtils.java:17)
	at com.example.common.StringUtils.isEmpty(StringUtils.java:17)
	at com.example.common.StringUtils.isEmpty(StringUtils.java:17)
	at com.example.common.StringUtils.isEmpty(StringUtils.java:17)
	at com.example.common.StringUtils.isEmpty(StringUtils.java:17)
	at com.example.common.StringUtils.isEmpty(StringUtils.java:17)
	at com.example.common.StringUtils.isEmpty(StringUtils.java:17)
	at com.example.common.StringUtils.isEmpty(StringUtils.java:17)
	at com.example.common.StringUtils.isEmpty(StringUtils.java:17)
	at com.example.common.StringUtils.isEmpty(StringUtils.java:17)
	at com.example.common.StringUtils.isEmpty(StringUtils.java:17)
	at com.example.common.StringUtils.isEmpty(StringUtils.java:17)
	at com.example.common.StringUtils.isEmpty(StringUtils.java:17)
	at com.example.common.StringUtils.isEmpty(StringUtils.java:17)
	at com.example.common.StringUtils.isEmpty(StringUtils.java:17)
	at com.example.common.StringUtils.isEmpty(StringUtils.java:17)
	at com.example.common.StringUtils.isEmpty(StringUtils.java:17)
	at com.example.common.StringUtils.isEmpty(StringUtils.java:17)
	at com.example.common.StringUtils.isEmpty(StringUtils.java:17)
	at com.example.common.StringUtils.isEmpty(StringUtils.java:17)
	at com.example.common.StringUtils.isEmpty(StringUtils.java:17)
	at com.example.common.StringUtils.isEmpty(StringUtils.java:17)
	at com.example.common.StringUtils.isEmpty(StringUtils.java:17)
	at com.example.common.StringUtils.isEmpty(StringUtils.java:17)
	at com.example.common.StringUtils.isEmpty(StringUtils.java:17)
	at com.example.common.StringUtils.isEmpty(StringUtils.java:17)
	at com.example.common.StringUtils.isEmpty(StringUtils.java:17)
	at com.example.common.StringUtils.isEmpty(StringUtils.java:17)
	at com.example.common.StringUtils.isEmpty(StringUtils.java:17)
	at com.example.common.StringUtils.isEmpty(StringUtils.java:17)
	at com.example.common.StringUtils.isEmpty(StringUtils.java:17)
	at com.example.common.StringUtils.isEmpty(StringUtils.java:17)
	at com.example.common.StringUtils.isEmpty(StringUtils.java:17)
	at com.example.common.StringUtils.isEmpty(StringUtils.java:17)
	at com.example.common.StringUtils.isEmpty(StringUtils.java:17)
	at com.example.common.StringUtils.isEmpty(StringUtils.java:17)
	at com.example.common.StringUtils.isEmpty(StringUtils.java:17)
	at com.example.common.StringUtils.isEmpty(StringUtils.java:17)
	at com.example.common.StringUtils.isEmpty(StringUtils.java:17)
	at com.example.common.StringUtils.isEmpty(StringUtils.java:17)
	at com.example.common.StringUtils.isEmpty(StringUtils.java:17)
	at com.example.common.StringUtils.isEmpty(StringUtils.java:17)
	at com.example.common.StringUtils.isEmpty(StringUtils.java:17)
	at com.example.common.StringUtils.isEmpty(StringUtils.java:17)
	at com.example.common.StringUtils.isEmpty(StringUtils.java:17)
	at com.example.common.StringUtils.isEmpty(StringUtils.java:17)
	at com.example.common.StringUtils.isEmpty(StringUtils.java:17)
	at com.example.common.StringUtils.isEmpty(StringUtils.java:17)
	at com.example.common.StringUtils.isEmpty(StringUtils.java:17)
	at com.example.common.StringUtils.isEmpty(StringUtils.java:17)
	at com.example.common.StringUtils.isEmpty(StringUtils.java:17)
	at com.example.common.StringUtils.isEmpty(StringUtils.java:17)
	at com.example.common.StringUtils.isEmpty(StringUtils.java:17)
	at com.example.common.StringUtils.isEmpty(StringUtils.java:17)
	at com.example.common.StringUtils.isEmpty(StringUtils.java:17)
	at com.example.common.StringUtils.isEmpty(StringUtils.java:17)
	at com.example.common.StringUtils.isEmpty(StringUtils.java:17)
	at com.example.common.StringUtils.isEmpty(StringUtils.java:17)
	at com.example.common.StringUtils.isEmpty(StringUtils.java:17)
	at com.example.common.StringUtils.isEmpty(StringUtils.java:17)
	at com.example.common.StringUtils.isEmpty(StringUtils.java:17)
	at com.example.common.StringUtils.isEmpty(StringUtils.java:17)
	at com.example.common.StringUtils.isEmpty(StringUtils.java:17)
	at com.example.common.StringUtils.isEmpty(StringUtils.java:17)
	at com.example.common.StringUtils.isEmpty(StringUtils.java:17)
	at com.example.common.StringUtils.isEmpty(StringUtils.java:17)
	at com.example.common.StringUtils.isEmpty(StringUtils.java:17)
	at com.example.common.StringUtils.isEmpty(StringUtils.java:17)
	at com.example.common.StringUtils.isEmpty(StringUtils.java:17)
	at com.example.common.StringUtils.isEmpty(StringUtils.java:17)
	at com.example.common.StringUtils.isEmpty(StringUtils.java:17)
	at com.example.common.StringUtils.isEmpty(StringUtils.java:17)
	at com.example.common.StringUtils.isEmpty(StringUtils.java:17)
	at com.example.common.StringUtils.isEmpty(StringUtils.java:17)
	at com.example.common.StringUtils.isEmpty(StringUtils.java:17)
	at com.example.common.StringUtils.isEmpty(StringUtils.java:17)
	at com.example.common.StringUtils.isEmpty(StringUtils.java:17)
	at com.example.common.StringUtils.isEmpty(StringUtils.java:17)
	at com.example.common.StringUtils.isEmpty(StringUtils.java:17)
	at com.example.common.StringUtils.isEmpty(StringUtils.java:17)
	at com.example.common.StringUtils.isEmpty(StringUtils.java:17)
	at com.example.common.StringUtils.isEmpty(StringUtils.java:17)
	at com.example.common.StringUtils.isEmpty(StringUtils.java:17)
	at com.example.common.StringUtils.isEmpty(StringUtils.java:17)
	at com.example.common.StringUtils.isEmpty(StringUtils.java:17)
	at com.example.common.StringUtils.isEmpty(StringUtils.java:17)
	at com.example.common.StringUtils.isEmpty(StringUtils.java:17)
	at com.example.common.StringUtils.isEmpty(StringUtils.java:17)
	at com.example.common.StringUtils.isEmpty(StringUtils.java:17)
	at com.example.common.StringUtils.isEmpty(StringUtils.java:17)
	at com.example.common.StringUtils.isEmpty(StringUtils.java:17)
	at com.example.common.StringUtils.isEmpty(StringUtils.java:17)
	at com.example.common.StringUtils.isEmpty(StringUtils.java:17)
	at com.example.common.StringUtils.isEmpty(StringUtils.java:17)
	at com.example.common.StringUtils.isEmpty(StringUtils.java:17)
	at com.example.common.StringUtils.isEmpty(StringUtils.java:17)
	at com.example.common.StringUtils.isEmpty(StringUtils.java:17)
	at com.example.common.StringUtils.isEmpty(StringUtils.java:17)
	at com.example.common.StringUtils.isEmpty(StringUtils.java:17)
	at com.example.common.StringUtils.isEmpty(StringUtils.java:17)
	at com.example.common.StringUtils.isEmpty(StringUtils.java:17)
	at com.example.common.StringUtils.isEmpty(StringUtils.java:17)
	at com.example.common.StringUtils.isEmpty(StringUtils.java:17)
	at com.example.common.StringUtils.isEmpty(StringUtils.java:17)
	at com.example.common.StringUtils.isEmpty(StringUtils.java:17)
	at com.example.common.StringUtils.isEmpty(StringUtils.java:17)
	at com.example.common.StringUtils.isEmpty(StringUtils.java:17)
	at com.example.common.StringUtils.isEmpty(StringUtils.java:17)
	at com.example.common.StringUtils.isEmpty(StringUtils.java:17)
	at com.example.common.StringUtils.isEmpty(StringUtils.java:17)
	at com.example.common.StringUtils.isEmpty(StringUtils.java:17)
	at com.example.common.StringUtils.isEmpty(StringUtils.java:17)
	at com.example.common.StringUtils.isEmpty(StringUtils.java:17)
	at com.example.common.StringUtils.isEmpty(StringUtils.java:17)
	at com.example.common.StringUtils.isEmpty(StringUtils.java:17)
	at com.example.common.StringUtils.isEmpty(StringUtils.java:17)
	at com.example.common.StringUtils.isEmpty(StringUtils.java:17)
	at com.example.common.StringUtils.isEmpty(StringUtils.java:17)
	at com.example.common.StringUtils.isEmpty(StringUtils.java:17)
	at com.example.common.StringUtils.isEmpty(StringUtils.java:17)
	at com.example.common.StringUtils.isEmpty(StringUtils.java:17)
	at com.example.common.StringUtils.isEmpty(StringUtils.java:17)
	at com.example.common.StringUtils.isEmpty(StringUtils.java:17)
	at com.example.common.StringUtils.isEmpty(StringUtils.java:17)
	at com.example.common.StringUtils.isEmpty(StringUtils.java:17)
	at com.example.common.StringUtils.isEmpty(StringUtils.java:17)
	at com.example.common.StringUtils.isEmpty(StringUtils.java:17)
	at com.example.common.StringUtils.isEmpty(StringUtils.java:17)
	at com.example.common.StringUtils.isEmpty(StringUtils.java:17)
	at com.example.common.StringUtils.isEmpty(StringUtils.java:17)
	at com.example.common.StringUtils.isEmpty(StringUtils.java:17)
	at com.example.common.StringUtils.isEmpty(StringUtils.java:17)
	at com.example.common.StringUtils.isEmpty(StringUtils.java:17)
	at com.example.common.StringUtils.isEmpty(StringUtils.java:17)
	at com.example.common.StringUtils.isEmpty(StringUtils.java:17)
	at com.example.common.StringUtils.isEmpty(StringUtils.java:17)
	at com.example.common.StringUtils.isEmpty(StringUtils.java:17)

com.example.common.StringUtilsTest.testReverse  Time elapsed: 0.071 s  <<< ERROR!
java.lang.StackOverflowError
	at java.base/java.nio.CharBuffer.<init>(CharBuffer.java:331)
	at java.base/java.nio.StringCharBuffer.<init>(StringCharBuffer.java:38)
	at java.base/java.nio.CharBuffer.wrap(CharBuffer.java:552)
	at java.base/java.nio.CharBuffer.wrap(CharBuffer.java:573)
	at org.apache.maven.surefire.api.stream.AbstractStreamEncoder.encodeString(AbstractStreamEncoder.java:118)
	at org.apache.maven.surefire.api.stream.AbstractStreamEncoder.encodeStringData(AbstractStreamEncoder.java:156)
	at org.apache.maven.surefire.api.stream.AbstractStreamEncoder.encode(AbstractStreamEncoder.java:145)
	at org.apache.maven.surefire.booter.spi.EventChannelEncoder.encodeMessage(EventChannelEncoder.java:378)
	at org.apache.maven.surefire.booter.spi.EventChannelEncoder.setOutErr(EventChannelEncoder.java:172)
	at org.apache.maven.surefire.booter.spi.EventChannelEncoder.testOutput(EventChannelEncoder.java:168)
	at org.apache.maven.surefire.api.booter.ForkingRunListener.writeTestOutput(ForkingRunListener.java:99)
	at org.apache.maven.surefire.api.booter.ForkingRunListener.writeTestOutput(ForkingRunListener.java:43)
	at org.apache.maven.surefire.junitplatform.RunListenerAdapter.writeTestOutput(RunListenerAdapter.java:394)
	at org.apache.maven.surefire.api.report.ConsoleOutputCapture$ForwardingPrintStream.write(ConsoleOutputCapture.java:57)
	at org.apache.maven.surefire.api.report.ConsoleOutputCapture$ForwardingPrintStream.write(ConsoleOutputCapture.java:61)
	at ch.qos.logback.core.joran.spi.ConsoleTarget$1.write(ConsoleTarget.java:39)
	at ch.qos.logback.core.OutputStreamAppender.writeBytes(OutputStreamAppender.java:202)
	at ch.qos.logback.core.OutputStreamAppender.writeOut(OutputStreamAppender.java:193)
	at ch.qos.logback.core.OutputStreamAppender.subAppend(OutputStreamAppender.java:228)
	at ch.qos.logback.core.OutputStreamAppender.append(OutputStreamAppender.java:102)
	at ch.qos.logback.core.UnsynchronizedAppenderBase.doAppend(UnsynchronizedAppenderBase.java:85)
	at ch.qos.logback.core.spi.AppenderAttachableImpl.appendLoopOnAppenders(AppenderAttachableImpl.java:51)
	at ch.qos.logback.classic.Logger.appendLoopOnAppenders(Logger.java:272)
	at ch.qos.logback.classic.Logger.callAppenders(Logger.java:259)
	at ch.qos.logback.classic.Logger.buildLoggingEventAndAppend(Logger.java:426)
	at ch.qos.logback.classic.Logger.filterAndLog_1(Logger.java:402)
	at ch.qos.logback.classic.Logger.debug(Logger.java:491)
	at com.example.common.StringUtils.reverse(StringUtils.java:21)
	at com.example.common.StringUtils.reverse(StringUtils.java:22)
	at com.example.common.StringUtils.reverse(StringUtils.java:22)
	at com.example.common.StringUtils.reverse(StringUtils.java:22)
	at com.example.common.StringUtils.reverse(StringUtils.java:22)
	at com.example.common.StringUtils.reverse(StringUtils.java:22)
	at com.example.common.StringUtils.reverse(StringUtils.java:22)
	at com.example.common.StringUtils.reverse(StringUtils.java:22)
	at com.example.common.StringUtils.reverse(StringUtils.java:22)
	at com.example.common.StringUtils.reverse(StringUtils.java:22)
	at com.example.common.StringUtils.reverse(StringUtils.java:22)
	at com.example.common.StringUtils.reverse(StringUtils.java:22)
	at com.example.common.StringUtils.reverse(StringUtils.java:22)
	at com.example.common.StringUtils.reverse(StringUtils.java:22)
	at com.example.common.StringUtils.reverse(StringUtils.java:22)
	at com.example.common.StringUtils.reverse(StringUtils.java:22)
	at com.example.common.StringUtils.reverse(StringUtils.java:22)
	at com.example.common.StringUtils.reverse(StringUtils.java:22)
	at com.example.common.StringUtils.reverse(StringUtils.java:22)
	at com.example.common.StringUtils.reverse(StringUtils.java:22)
	at com.example.common.StringUtils.reverse(StringUtils.java:22)
	at com.example.common.StringUtils.reverse(StringUtils.java:22)
	at com.example.common.StringUtils.reverse(StringUtils.java:22)
	at com.example.common.StringUtils.reverse(StringUtils.java:22)
	at com.example.common.StringUtils.reverse(StringUtils.java:22)
	at com.example.common.StringUtils.reverse(StringUtils.java:22)
	at com.example.common.StringUtils.reverse(StringUtils.java:22)
	at com.example.common.StringUtils.reverse(StringUtils.java:22)
	at com.example.common.StringUtils.reverse(StringUtils.java:22)
	at com.example.common.StringUtils.reverse(StringUtils.java:22)
	at com.example.common.StringUtils.reverse(StringUtils.java:22)
	at com.example.common.StringUtils.reverse(StringUtils.java:22)
	at com.example.common.StringUtils.reverse(StringUtils.java:22)
	at com.example.common.StringUtils.reverse(StringUtils.java:22)
	at com.example.common.StringUtils.reverse(StringUtils.java:22)
	at com.example.common.StringUtils.reverse(StringUtils.java:22)
	at com.example.common.StringUtils.reverse(StringUtils.java:22)
	at com.example.common.StringUtils.reverse(StringUtils.java:22)
	at com.example.common.StringUtils.reverse(StringUtils.java:22)
	at com.example.common.StringUtils.reverse(StringUtils.java:22)
	at com.example.common.StringUtils.reverse(StringUtils.java:22)
	at com.example.common.StringUtils.reverse(StringUtils.java:22)
	at com.example.common.StringUtils.reverse(StringUtils.java:22)
	at com.example.common.StringUtils.reverse(StringUtils.java:22)
	at com.example.common.StringUtils.reverse(StringUtils.java:22)
	at com.example.common.StringUtils.reverse(StringUtils.java:22)
	at com.example.common.StringUtils.reverse(StringUtils.java:22)
	at com.example.common.StringUtils.reverse(StringUtils.java:22)
	at com.example.common.StringUtils.reverse(StringUtils.java:22)
	at com.example.common.StringUtils.reverse(StringUtils.java:22)
	at com.example.common.StringUtils.reverse(StringUtils.java:22)
	at com.example.common.StringUtils.reverse(StringUtils.java:22)
	at com.example.common.StringUtils.reverse(StringUtils.java:22)
	at com.example.common.StringUtils.reverse(StringUtils.java:22)
	at com.example.common.StringUtils.reverse(StringUtils.java:22)
	at com.example.common.StringUtils.reverse(StringUtils.java:22)
	at com.example.common.StringUtils.reverse(StringUtils.java:22)
	at com.example.common.StringUtils.reverse(StringUtils.java:22)
	at com.example.common.StringUtils.reverse(StringUtils.java:22)
	at com.example.common.StringUtils.reverse(StringUtils.java:22)
	at com.example.common.StringUtils.reverse(StringUtils.java:22)
	at com.example.common.StringUtils.reverse(StringUtils.java:22)
	at com.example.common.StringUtils.reverse(StringUtils.java:22)
	at com.example.common.StringUtils.reverse(StringUtils.java:22)
	at com.example.common.StringUtils.reverse(StringUtils.java:22)
	at com.example.common.StringUtils.reverse(StringUtils.java:22)
	at com.example.common.StringUtils.reverse(StringUtils.java:22)
	at com.example.common.StringUtils.reverse(StringUtils.java:22)
	at com.example.common.StringUtils.reverse(StringUtils.java:22)
	at com.example.common.StringUtils.reverse(StringUtils.java:22)
	at com.example.common.StringUtils.reverse(StringUtils.java:22)
	at com.example.common.StringUtils.reverse(StringUtils.java:22)
	at com.example.common.StringUtils.reverse(StringUtils.java:22)
	at com.example.common.StringUtils.reverse(StringUtils.java:22)
	at com.example.common.StringUtils.reverse(StringUtils.java:22)
	at com.example.common.StringUtils.reverse(StringUtils.java:22)
	at com.example.common.StringUtils.reverse(StringUtils.java:22)
	at com.example.common.StringUtils.reverse(StringUtils.java:22)
	at com.example.common.StringUtils.reverse(StringUtils.java:22)
	at com.example.common.StringUtils.reverse(StringUtils.java:22)
	at com.example.common.StringUtils.reverse(StringUtils.java:22)
	at com.example.common.StringUtils.reverse(StringUtils.java:22)
	at com.example.common.StringUtils.reverse(StringUtils.java:22)
	at com.example.common.StringUtils.reverse(StringUtils.java:22)
	at com.example.common.StringUtils.reverse(StringUtils.java:22)
	at com.example.common.StringUtils.reverse(StringUtils.java:22)
	at com.example.common.StringUtils.reverse(StringUtils.java:22)
	at com.example.common.StringUtils.reverse(StringUtils.java:22)
	at com.example.common.StringUtils.reverse(StringUtils.java:22)
	at com.example.common.StringUtils.reverse(StringUtils.java:22)
	at com.example.common.StringUtils.reverse(StringUtils.java:22)
	at com.example.common.StringUtils.reverse(StringUtils.java:22)
	at com.example.common.StringUtils.reverse(StringUtils.java:22)
	at com.example.common.StringUtils.reverse(StringUtils.java:22)
	at com.example.common.StringUtils.reverse(StringUtils.java:22)
	at com.example.common.StringUtils.reverse(StringUtils.java:22)
	at com.example.common.StringUtils.reverse(StringUtils.java:22)
	at com.example.common.StringUtils.reverse(StringUtils.java:22)
	at com.example.common.StringUtils.reverse(StringUtils.java:22)
	at com.example.common.StringUtils.reverse(StringUtils.java:22)
	at com.example.common.StringUtils.reverse(StringUtils.java:22)
	at com.example.common.StringUtils.reverse(StringUtils.java:22)
	at com.example.common.StringUtils.reverse(StringUtils.java:22)
	at com.example.common.StringUtils.reverse(StringUtils.java:22)
	at com.example.common.StringUtils.reverse(StringUtils.java:22)
	at com.example.common.StringUtils.reverse(StringUtils.java:22)
	at com.example.common.StringUtils.reverse(StringUtils.java:22)
	at com.example.common.StringUtils.reverse(StringUtils.java:22)
	at com.example.common.StringUtils.reverse(StringUtils.java:22)
	at com.example.common.StringUtils.reverse(StringUtils.java:22)
	at com.example.common.StringUtils.reverse(StringUtils.java:22)
	at com.example.common.StringUtils.reverse(StringUtils.java:22)
	at com.example.common.StringUtils.reverse(StringUtils.java:22)
	at com.example.common.StringUtils.reverse(StringUtils.java:22)
	at com.example.common.StringUtils.reverse(StringUtils.java:22)
	at com.example.common.StringUtils.reverse(StringUtils.java:22)
	at com.example.common.StringUtils.reverse(StringUtils.java:22)
	at com.example.common.StringUtils.reverse(StringUtils.java:22)
	at com.example.common.StringUtils.reverse(StringUtils.java:22)
	at com.example.common.StringUtils.reverse(StringUtils.java:22)
	at com.example.common.StringUtils.reverse(StringUtils.java:22)
	at com.example.common.StringUtils.reverse(StringUtils.java:22)
	at com.example.common.StringUtils.reverse(StringUtils.java:22)
	at com.example.common.StringUtils.reverse(StringUtils.java:22)
	at com.example.common.StringUtils.reverse(StringUtils.java:22)
	at com.example.common.StringUtils.reverse(StringUtils.java:22)
	at com.example.common.StringUtils.reverse(StringUtils.java:22)
	at com.example.common.StringUtils.reverse(StringUtils.java:22)
	at com.example.common.StringUtils.reverse(StringUtils.java:22)
	at com.example.common.StringUtils.reverse(StringUtils.java:22)
	at com.example.common.StringUtils.reverse(StringUtils.java:22)
	at com.example.common.StringUtils.reverse(StringUtils.java:22)
	at com.example.common.StringUtils.reverse(StringUtils.java:22)
	at com.example.common.StringUtils.reverse(StringUtils.java:22)
	at com.example.common.StringUtils.reverse(StringUtils.java:22)
	at com.example.common.StringUtils.reverse(StringUtils.java:22)
	at com.example.common.StringUtils.reverse(StringUtils.java:22)
	at com.example.common.StringUtils.reverse(StringUtils.java:22)
	at com.example.common.StringUtils.reverse(StringUtils.java:22)
	at com.example.common.StringUtils.reverse(StringUtils.java:22)
	at com.example.common.StringUtils.reverse(StringUtils.java:22)
	at com.example.common.StringUtils.reverse(StringUtils.java:22)
	at com.example.common.StringUtils.reverse(StringUtils.java:22)
	at com.example.common.StringUtils.reverse(StringUtils.java:22)
	at com.example.common.StringUtils.reverse(StringUtils.java:22)
	at com.example.common.StringUtils.reverse(StringUtils.java:22)
	at com.example.common.StringUtils.reverse(StringUtils.java:22)
	at com.example.common.StringUtils.reverse(StringUtils.java:22)
	at com.example.common.StringUtils.reverse(StringUtils.java:22)
	at com.example.common.StringUtils.reverse(StringUtils.java:22)
	at com.example.common.StringUtils.reverse(StringUtils.java:22)
	at com.example.common.StringUtils.reverse(StringUtils.java:22)
	at com.example.common.StringUtils.reverse(StringUtils.java:22)
	at com.example.common.StringUtils.reverse(StringUtils.java:22)
	at com.example.common.StringUtils.reverse(StringUtils.java:22)
	at com.example.common.StringUtils.reverse(StringUtils.java:22)
	at com.example.common.StringUtils.reverse(StringUtils.java:22)
	at com.example.common.StringUtils.reverse(StringUtils.java:22)
	at com.example.common.StringUtils.reverse(StringUtils.java:22)
	at com.example.common.StringUtils.reverse(StringUtils.java:22)
	at com.example.common.StringUtils.reverse(StringUtils.java:22)
	at com.example.common.StringUtils.reverse(StringUtils.java:22)
	at com.example.common.StringUtils.reverse(StringUtils.java:22)
	at com.example.common.StringUtils.reverse(StringUtils.java:22)
	at com.example.common.StringUtils.reverse(StringUtils.java:22)
	at com.example.common.StringUtils.reverse(StringUtils.java:22)
	at com.example.common.StringUtils.reverse(StringUtils.java:22)
	at com.example.common.StringUtils.reverse(StringUtils.java:22)
	at com.example.common.StringUtils.reverse(StringUtils.java:22)
	at com.example.common.StringUtils.reverse(StringUtils.java:22)
	at com.example.common.StringUtils.reverse(StringUtils.java:22)
	at com.example.common.StringUtils.reverse(StringUtils.java:22)
	at com.example.common.StringUtils.reverse(StringUtils.java:22)
	at com.example.common.StringUtils.reverse(StringUtils.java:22)
	at com.example.common.StringUtils.reverse(StringUtils.java:22)
	at com.example.common.StringUtils.reverse(StringUtils.java:22)
	at com.example.common.StringUtils.reverse(StringUtils.java:22)
	at com.example.common.StringUtils.reverse(StringUtils.java:22)
	at com.example.common.StringUtils.reverse(StringUtils.java:22)
[...]
	at com.example.common.StringUtils.capitalize(StringUtils.java:13)
	at com.example.common.StringUtils.capitalize(StringUtils.java:13)
	at com.example.common.StringUtils.capitalize(StringUtils.java:13)
	at com.example.common.StringUtils.capitalize(StringUtils.java:13)
	at com.example.common.StringUtils.capitalize(StringUtils.java:13)
	at com.example.common.StringUtils.capitalize(StringUtils.java:13)
	at com.example.common.StringUtils.capitalize(StringUtils.java:13)
	at com.example.common.StringUtils.capitalize(StringUtils.java:13)
	at com.example.common.StringUtils.capitalize(StringUtils.java:13)
	at com.example.common.StringUtils.capitalize(StringUtils.java:13)
	at com.example.common.StringUtils.capitalize(StringUtils.java:13)
	at com.example.common.StringUtils.capitalize(StringUtils.java:13)
	at com.example.common.StringUtils.capitalize(StringUtils.java:13)
	at com.example.common.StringUtils.capitalize(StringUtils.java:13)
	at com.example.common.StringUtils.capitalize(StringUtils.java:13)
	at com.example.common.StringUtils.capitalize(StringUtils.java:13)
	at com.example.common.StringUtils.capitalize(StringUtils.java:13)
	at com.example.common.StringUtils.capitalize(StringUtils.java:13)
	at com.example.common.StringUtils.capitalize(StringUtils.java:13)
	at com.example.common.StringUtils.capitalize(StringUtils.java:13)
	at com.example.common.StringUtils.capitalize(StringUtils.java:13)
	at com.example.common.StringUtils.capitalize(StringUtils.java:13)
	at com.example.common.StringUtils.capitalize(StringUtils.java:13)
	at com.example.common.StringUtils.capitalize(StringUtils.java:13)
	at com.example.common.StringUtils.capitalize(StringUtils.java:13)
	at com.example.common.StringUtils.capitalize(StringUtils.java:13)
	at com.example.common.StringUtils.capitalize(StringUtils.java:13)
	at com.example.common.StringUtils.capitalize(StringUtils.java:13)
	at com.example.common.StringUtils.capitalize(StringUtils.java:13)
	at com.example.common.StringUtils.capitalize(StringUtils.java:13)
	at com.example.common.StringUtils.capitalize(StringUtils.java:13)
	at com.example.common.StringUtils.capitalize(StringUtils.java:13)
	at com.example.common.StringUtils.capitalize(StringUtils.java:13)
	at com.example.common.StringUtils.capitalize(StringUtils.java:13)
	at com.example.common.StringUtils.capitalize(StringUtils.java:13)
	at com.example.common.StringUtils.capitalize(StringUtils.java:13)
	at com.example.common.StringUtils.capitalize(StringUtils.java:13)
	at com.example.common.StringUtils.capitalize(StringUtils.java:13)
	at com.example.common.StringUtils.capitalize(StringUtils.java:13)
	at com.example.common.StringUtils.capitalize(StringUtils.java:13)
	at com.example.common.StringUtils.capitalize(StringUtils.java:13)
	at com.example.common.StringUtils.capitalize(StringUtils.java:13)
	at com.example.common.StringUtils.capitalize(StringUtils.java:13)
	at com.example.common.StringUtils.capitalize(StringUtils.java:13)
	at com.example.common.StringUtils.capitalize(StringUtils.java:13)
	at com.example.common.StringUtils.capitalize(StringUtils.java:13)
	at com.example.common.StringUtils.capitalize(StringUtils.java:13)
	at com.example.common.StringUtils.capitalize(StringUtils.java:13)
	at com.example.common.StringUtils.capitalize(StringUtils.java:13)
	at com.example.common.StringUtils.capitalize(StringUtils.java:13)
	at com.example.common.StringUtils.capitalize(StringUtils.java:13)
	at com.example.common.StringUtils.capitalize(StringUtils.java:13)
	at com.example.common.StringUtils.capitalize(StringUtils.java:13)
	at com.example.common.StringUtils.capitalize(StringUtils.java:13)
	at com.example.common.StringUtils.capitalize(StringUtils.java:13)
	at com.example.common.StringUtils.capitalize(StringUtils.java:13)
	at com.example.common.StringUtils.capitalize(StringUtils.java:13)
	at com.example.common.StringUtils.capitalize(StringUtils.java:13)
	at com.example.common.StringUtils.capitalize(StringUtils.java:13)
	at com.example.common.StringUtils.capitalize(StringUtils.java:13)
	at com.example.common.StringUtils.capitalize(StringUtils.java:13)
	at com.example.common.StringUtils.capitalize(StringUtils.java:13)
	at com.example.common.StringUtils.capitalize(StringUtils.java:13)
	at com.example.common.StringUtils.capitalize(StringUtils.java:13)
	at com.example.common.StringUtils.capitalize(StringUtils.java:13)
	at com.example.common.StringUtils.capitalize(StringUtils.java:13)
	at com.example.common.StringUtils.capitalize(StringUtils.java:13)
	at com.example.common.StringUtils.capitalize(StringUtils.java:13)
	at com.example.common.StringUtils.capitalize(StringUtils.java:13)
	at com.example.common.StringUtils.capitalize(StringUtils.java:13)
	at com.example.common.StringUtils.capitalize(StringUtils.java:13)
	at com.example.common.StringUtils.capitalize(StringUtils.java:13)
	at com.example.common.StringUtils.capitalize(StringUtils.java:13)
	at com.example.common.StringUtils.capitalize(StringUtils.java:13)
	at com.example.common.StringUtils.capitalize(StringUtils.java:13)
	at com.example.common.StringUtils.capitalize(StringUtils.java:13)
	at com.example.common.StringUtils.capitalize(StringUtils.java:13)
	at com.example.common.StringUtils.capitalize(StringUtils.java:13)
	at com.example.common.StringUtils.capitalize(StringUtils.java:13)
	at com.example.common.StringUtils.capitalize(StringUtils.java:13)
	at com.example.common.StringUtils.capitalize(StringUtils.java:13)
	at com.example.common.StringUtils.capitalize(StringUtils.java:13)
	at com.example.common.StringUtils.capitalize(StringUtils.java:13)
	at com.example.common.StringUtils.capitalize(StringUtils.java:13)
	at com.example.common.StringUtils.capitalize(StringUtils.java:13)
	at com.example.common.StringUtils.capitalize(StringUtils.java:13)
	at com.example.common.StringUtils.capitalize(StringUtils.java:13)
	at com.example.common.StringUtils.capitalize(StringUtils.java:13)
	at com.example.common.StringUtils.capitalize(StringUtils.java:13)
	at com.example.common.StringUtils.capitalize(StringUtils.java:13)
	at com.example.common.StringUtils.capitalize(StringUtils.java:13)
	at com.example.common.StringUtils.capitalize(StringUtils.java:13)
	at com.example.common.StringUtils.capitalize(StringUtils.java:13)
	at com.example.common.StringUtils.capitalize(StringUtils.java:13)
	at com.example.common.StringUtils.capitalize(StringUtils.java:13)
	at com.example.common.StringUtils.capitalize(StringUtils.java:13)
	at com.example.common.StringUtils.capitalize(StringUtils.java:13)
	at com.example.common.StringUtils.capitalize(StringUtils.java:13)
	at com.example.common.StringUtils.capitalize(StringUtils.java:13)
	at com.example.common.StringUtils.capitalize(StringUtils.java:13)
	at com.example.common.StringUtils.capitalize(StringUtils.java:13)
	at com.example.common.StringUtils.capitalize(StringUtils.java:13)
	at com.example.common.StringUtils.capitalize(StringUtils.java:13)
	at com.example.common.StringUtils.capitalize(StringUtils.java:13)
	at com.example.common.StringUtils.capitalize(StringUtils.java:13)
	at com.example.common.StringUtils.capitalize(StringUtils.java:13)
	at com.example.common.StringUtils.capitalize(StringUtils.java:13)
	at com.example.common.StringUtils.capitalize(StringUtils.java:13)
	at com.example.common.StringUtils.capitalize(StringUtils.java:13)
	at com.example.common.StringUtils.capitalize(StringUtils.java:13)
	at com.example.common.StringUtils.capitalize(StringUtils.java:13)
	at com.example.common.StringUtils.capitalize(StringUtils.java:13)
	at com.example.common.StringUtils.capitalize(StringUtils.java:13)
	at com.example.common.StringUtils.capitalize(StringUtils.java:13)
	at com.example.common.StringUtils.capitalize(StringUtils.java:13)
	at com.example.common.StringUtils.capitalize(StringUtils.java:13)
	at com.example.common.StringUtils.capitalize(StringUtils.java:13)
	at com.example.common.StringUtils.capitalize(StringUtils.java:13)
	at com.example.common.StringUtils.capitalize(StringUtils.java:13)
	at com.example.common.StringUtils.capitalize(StringUtils.java:13)
	at com.example.common.StringUtils.capitalize(StringUtils.java:13)
	at com.example.common.StringUtils.capitalize(StringUtils.java:13)
	at com.example.common.StringUtils.capitalize(StringUtils.java:13)
	at com.example.common.StringUtils.capitalize(StringUtils.java:13)
	at com.example.common.StringUtils.capitalize(StringUtils.java:13)
	at com.example.common.StringUtils.capitalize(StringUtils.java:13)
	at com.example.common.StringUtils.capitalize(StringUtils.java:13)
	at com.example.common.StringUtils.capitalize(StringUtils.java:13)
	at com.example.common.StringUtils.capitalize(StringUtils.java:13)
	at com.example.common.StringUtils.capitalize(StringUtils.java:13)
	at com.example.common.StringUtils.capitalize(StringUtils.java:13)
	at com.example.common.StringUtils.capitalize(StringUtils.java:13)
	at com.example.common.StringUtils.capitalize(StringUtils.java:13)
	at com.example.common.StringUtils.capitalize(StringUtils.java:13)
	at com.example.common.StringUtils.capitalize(StringUtils.java:13)
	at com.example.common.StringUtils.capitalize(StringUtils.java:13)
	at com.example.common.StringUtils.capitalize(StringUtils.java:13)
	at com.example.common.StringUtils.capitalize(StringUtils.java:13)
	at com.example.common.StringUtils.capitalize(StringUtils.java:13)
	at com.example.common.StringUtils.capitalize(StringUtils.java:13)
	at com.example.common.StringUtils.capitalize(StringUtils.java:13)
	at com.example.common.StringUtils.capitalize(StringUtils.java:13)
	at com.example.common.StringUtils.capitalize(StringUtils.java:13)
	at com.example.common.StringUtils.capitalize(StringUtils.java:13)
	at com.example.common.StringUtils.capitalize(StringUtils.java:13)
	at com.example.common.StringUtils.capitalize(StringUtils.java:13)
	at com.example.common.StringUtils.capitalize(StringUtils.java:13)
	at com.example.common.StringUtils.capitalize(StringUtils.java:13)
	at com.example.common.StringUtils.capitalize(StringUtils.java:13)
	at com.example.common.StringUtils.capitalize(StringUtils.java:13)
	at com.example.common.StringUtils.capitalize(StringUtils.java:13)
	at com.example.common.StringUtils.capitalize(StringUtils.java:13)
	at com.example.common.StringUtils.capitalize(StringUtils.java:13)
	at com.example.common.StringUtils.capitalize(StringUtils.java:13)
	at com.example.common.StringUtils.capitalize(StringUtils.java:13)
	at com.example.common.StringUtils.capitalize(StringUtils.java:13)
	at com.example.common.StringUtils.capitalize(StringUtils.java:13)
	at com.example.common.StringUtils.capitalize(StringUtils.java:13)
	at com.example.common.StringUtils.capitalize(StringUtils.java:13)
	at com.example.common.StringUtils.capitalize(StringUtils.java:13)
	at com.example.common.StringUtils.capitalize(StringUtils.java:13)
	at com.example.common.StringUtils.capitalize(StringUtils.java:13)
	at com.example.common.StringUtils.capitalize(StringUtils.java:13)
	at com.example.common.StringUtils.capitalize(StringUtils.java:13)
	at com.example.common.StringUtils.capitalize(StringUtils.java:13)
	at com.example.common.StringUtils.capitalize(StringUtils.java:13)
	at com.example.common.StringUtils.capitalize(StringUtils.java:13)
	at com.example.common.StringUtils.capitalize(StringUtils.java:13)
	at com.example.common.StringUtils.capitalize(StringUtils.java:13)
	at com.example.common.StringUtils.capitalize(StringUtils.java:13)
	at com.example.common.StringUtils.capitalize(StringUtils.java:13)
	at com.example.common.StringUtils.capitalize(StringUtils.java:13)
	at com.example.common.StringUtils.capitalize(StringUtils.java:13)
	at com.example.common.StringUtils.capitalize(StringUtils.java:13)
	at com.example.common.StringUtils.capitalize(StringUtils.java:13)
	at com.example.common.StringUtils.capitalize(StringUtils.java:13)
	at com.example.common.StringUtils.capitalize(StringUtils.java:13)
	at com.example.common.StringUtils.capitalize(StringUtils.java:13)
	at com.example.common.StringUtils.capitalize(StringUtils.java:13)
	at com.example.common.StringUtils.capitalize(StringUtils.java:13)
	at com.example.common.StringUtils.capitalize(StringUtils.java:13)
	at com.example.common.StringUtils.capitalize(StringUtils.java:13)
	at com.example.common.StringUtils.capitalize(StringUtils.java:13)
	at com.example.common.StringUtils.capitalize(StringUtils.java:13)
	at com.example.common.StringUtils.capitalize(StringUtils.java:13)
	at com.example.common.StringUtils.capitalize(StringUtils.java:13)
	at com.example.common.StringUtils.capitalize(StringUtils.java:13)
	at com.example.common.StringUtils.capitalize(StringUtils.java:13)
	at com.example.common.StringUtils.capitalize(StringUtils.java:13)
	at com.example.common.StringUtils.capitalize(StringUtils.java:13)
	at com.example.common.StringUtils.capitalize(StringUtils.java:13)
	at com.example.common.StringUtils.capitalize(StringUtils.java:13)
	at com.example.common.StringUtils.capitalize(StringUtils.java:13)
	at com.example.common.StringUtils.capitalize(StringUtils.java:13)
	at com.example.common.StringUtils.capitalize(StringUtils.java:13)
	at com.example.common.StringUtils.capitalize(StringUtils.java:13)
	at com.example.common.StringUtils.capitalize(StringUtils.java:13)
	at com.example.common.StringUtils.capitalize(StringUtils.java:13)
	at com.example.common.StringUtils.capitalize(StringUtils.java:13)
	at com.example.common.StringUtils.capitalize(StringUtils.java:13)
	at com.example.common.StringUtils.capitalize(StringUtils.java:13)
	at com.example.common.StringUtils.capitalize(StringUtils.java:13)
	at com.example.common.StringUtils.capitalize(StringUtils.java:13)
	at com.example.common.StringUtils.capitalize(StringUtils.java:13)
	at com.example.common.StringUtils.capitalize(StringUtils.java:13)
	at com.example.common.StringUtils.capitalize(StringUtils.java:13)
	at com.example.common.StringUtils.capitalize(StringUtils.java:13)
	at com.example.common.StringUtils.capitalize(StringUtils.java:13)
	at com.example.common.StringUtils.capitalize(StringUtils.java:13)
	at com.example.common.StringUtils.capitalize(StringUtils.java:13)
	at com.example.common.StringUtils.capitalize(StringUtils.java:13)
	at com.example.common.StringUtils.capitalize(StringUtils.java:13)
	at com.example.common.StringUtils.capitalize(StringUtils.java:13)
	at com.example.common.StringUtils.capitalize(StringUtils.java:13)
	at com.example.common.StringUtils.capitalize(StringUtils.java:13)
	at com.example.common.StringUtils.capitalize(StringUtils.java:13)
	at com.example.common.StringUtils.capitalize(StringUtils.java:13)
	at com.example.common.StringUtils.capitalize(StringUtils.java:13)
	at com.example.common.StringUtils.capitalize(StringUtils.java:13)
	at com.example.common.StringUtils.capitalize(StringUtils.java:13)
	at com.example.common.StringUtils.capitalize(StringUtils.java:13)
	at com.example.common.StringUtils.capitalize(StringUtils.java:13)
	at com.example.common.StringUtils.capitalize(StringUtils.java:13)
	at com.example.common.StringUtils.capitalize(StringUtils.java:13)
	at com.example.common.StringUtils.capitalize(StringUtils.java:13)
	at com.example.common.StringUtils.capitalize(StringUtils.java:13)
	at com.example.common.StringUtils.capitalize(StringUtils.java:13)
	at com.example.common.StringUtils.capitalize(StringUtils.java:13)
	at com.example.common.StringUtils.capitalize(StringUtils.java:13)
	at com.example.common.StringUtils.capitalize(StringUtils.java:13)
	at com.example.common.StringUtils.capitalize(StringUtils.java:13)
	at com.example.common.StringUtils.capitalize(StringUtils.java:13)
	at com.example.common.StringUtils.capitalize(StringUtils.java:13)
	at com.example.common.StringUtils.capitalize(StringUtils.java:13)
	at com.example.common.StringUtils.capitalize(StringUtils.java:13)
	at com.example.common.StringUtils.capitalize(StringUtils.java:13)
	at com.example.common.StringUtils.capitalize(StringUtils.java:13)
	at com.example.common.StringUtils.capitalize(StringUtils.java:13)
	at com.example.common.StringUtils.capitalize(StringUtils.java:13)
	at com.example.common.StringUtils.capitalize(StringUtils.java:13)
	at com.example.common.StringUtils.capitalize(StringUtils.java:13)
	at com.example.common.StringUtils.capitalize(StringUtils.java:13)
	at com.example.common.StringUtils.capitalize(StringUtils.java:13)
	at com.example.common.StringUtils.capitalize(StringUtils.java:13)
	at com.example.common.StringUtils.capitalize(StringUtils.java:13)
	at com.example.common.StringUtils.capitalize(StringUtils.java:13)
	at com.example.common.StringUtils.capitalize(StringUtils.java:13)
	at com.example.common.StringUtils.capitalize(StringUtils.java:13)
	at com.example.common.StringUtils.capitalize(StringUtils.java:13)
	at com.example.common.StringUtils.capitalize(StringUtils.java:13)
	at com.example.common.StringUtils.capitalize(StringUtils.java:13)
	at com.example.common.StringUtils.capitalize(StringUtils.java:13)
	at com.example.common.StringUtils.capitalize(StringUtils.java:13)
	at com.example.common.StringUtils.capitalize(StringUtils.java:13)
	at com.example.common.StringUtils.capitalize(StringUtils.java:13)
	at com.example.common.StringUtils.capitalize(StringUtils.java:13)
	at com.example.common.StringUtils.capitalize(StringUtils.java:13)
	at com.example.common.StringUtils.capitalize(StringUtils.java:13)
	at com.example.common.StringUtils.capitalize(StringUtils.java:13)
	at com.example.common.StringUtils.capitalize(StringUtils.java:13)
	at com.example.common.StringUtils.capitalize(StringUtils.java:13)
	at com.example.common.StringUtils.capitalize(StringUtils.java:13)
	at com.example.common.StringUtils.capitalize(StringUtils.java:13)
	at com.example.common.StringUtils.capitalize(StringUtils.java:13)
	at com.example.common.StringUtils.capitalize(StringUtils.java:13)
	at com.example.common.StringUtils.capitalize(StringUtils.java:13)
	at com.example.common.StringUtils.capitalize(StringUtils.java:13)
	at com.example.common.StringUtils.capitalize(StringUtils.java:13)
	at com.example.common.StringUtils.capitalize(StringUtils.java:13)
	at com.example.common.StringUtils.capitalize(StringUtils.java:13)
	at com.example.common.StringUtils.capitalize(StringUtils.java:13)
	at com.example.common.StringUtils.capitalize(StringUtils.java:13)
	at com.example.common.StringUtils.capitalize(StringUtils.java:13)
	at com.example.common.StringUtils.capitalize(StringUtils.java:13)
	at com.example.common.StringUtils.capitalize(StringUtils.java:13)
	at com.example.common.StringUtils.capitalize(StringUtils.java:13)
	at com.example.common.StringUtils.capitalize(StringUtils.java:13)
	at com.example.common.StringUtils.capitalize(StringUtils.java:13)
	at com.example.common.StringUtils.capitalize(StringUtils.java:13)
	at com.example.common.StringUtils.capitalize(StringUtils.java:13)
	at com.example.common.StringUtils.capitalize(StringUtils.java:13)
	at com.example.common.StringUtils.capitalize(StringUtils.java:13)
	at com.example.common.StringUtils.capitalize(StringUtils.java:13)
	at com.example.common.StringUtils.capitalize(StringUtils.java:13)
	at com.example.common.StringUtils.capitalize(StringUtils.java:13)
	at com.example.common.StringUtils.capitalize(StringUtils.java:13)
	at com.example.common.StringUtils.capitalize(StringUtils.java:13)
	at com.example.common.StringUtils.capitalize(StringUtils.java:13)
	at com.example.common.StringUtils.capitalize(StringUtils.java:13)
	at com.example.common.StringUtils.capitalize(StringUtils.java:13)
	at com.example.common.StringUtils.capitalize(StringUtils.java:13)
	at com.example.common.StringUtils.capitalize(StringUtils.java:13)
	at com.example.common.StringUtils.capitalize(StringUtils.java:13)
	at com.example.common.StringUtils.capitalize(StringUtils.java:13)
	at com.example.common.StringUtils.capitalize(StringUtils.java:13)
	at com.example.common.StringUtils.capitalize(StringUtils.java:13)
	at com.example.common.StringUtils.capitalize(StringUtils.java:13)
	at com.example.common.StringUtils.capitalize(StringUtils.java:13)

