<?xml version="1.0" encoding="UTF-8"?>
<testsuite xmlns:xsi="http://www.w3.org/2001/XMLSchema-instance" xsi:noNamespaceSchemaLocation="https://maven.apache.org/surefire/maven-surefire-plugin/xsd/surefire-test-report-3.0.xsd" version="3.0" name="com.example.common.JsonUtilsTest" time="0.128" tests="3" errors="0" skipped="0" failures="0">
  <properties>
[...]
</properties>
  <testcase name="testFromJson" classname="com.example.common.JsonUtilsTest" time="0.116">
    <system-out><![CDATA[19:39:32.429 [main] DEBUG com.example.common.JsonUtils - Converted JSON to object of type: TestData
]]></system-out>
  </testcase>
  <testcase name="testRoundTrip" classname="com.example.common.JsonUtilsTest" time="0.008">
    <system-out><![CDATA[19:39:32.438 [main] DEBUG com.example.common.JsonUtils - Converted object to JSON: {"name":"Bob","age":40}
19:39:32.438 [main] DEBUG com.example.common.JsonUtils - Converted JSON to object of type: TestData
]]></system-out>
  </testcase>
  <testcase name="testToJson" classname="com.example.common.JsonUtilsTest" time="0.002">
    <system-out><![CDATA[19:39:32.440 [main] DEBUG com.example.common.JsonUtils - Converted object to JSON: {"name":"John","age":30}
]]></system-out>
  </testcase>
</testsuite>